2023-01-13 19:13:38,327 INFO    StreamThr :63363 [internal.py:wandb_internal():90] W&B internal server running at pid: 63363, started at: 2023-01-13 19:13:38.326171
2023-01-13 19:13:38,338 DEBUG   HandlerThread:63363 [handler.py:handle_request():139] handle_request: status
2023-01-13 19:13:38,339 DEBUG   SenderThread:63363 [sender.py:send_request():317] send_request: status
2023-01-13 19:13:38,344 DEBUG   SenderThread:63363 [sender.py:send():303] send: header
2023-01-13 19:13:38,344 INFO    WriterThread:63363 [datastore.py:open_for_write():75] open: /Users/philippemartin/Documents/projets_IA/Drug Discovery/megan/wandb/run-20230113_191338-trash000/run-trash000.wandb
2023-01-13 19:13:38,364 DEBUG   SenderThread:63363 [sender.py:send():303] send: run
2023-01-13 19:13:38,390 INFO    SenderThread:63363 [sender.py:_maybe_setup_resume():594] checking resume status for None/megan/trash000
2023-01-13 19:13:38,622 INFO    SenderThread:63363 [sender.py:_maybe_setup_resume():656] configured resuming with: ResumeState(resumed=True,step=1,history=0,events=174,output=2,runtime=7764.274447,wandb_runtime=144,summary={'_wandb': {'runtime': 144}},config={'_wandb': {'desc': None, 'value': {'t': {'1': [1, 3, 55], '2': [1, 3, 55], '3': [5, 13, 14, 16, 23], '4': '3.6.10', '5': '0.13.7', '8': [5]}, 'framework': 'torch', 'start_time': 1673630306.213734, 'cli_version': '0.13.7', 'is_jupyter_run': False, 'python_version': '3.6.10', 'is_kaggle_kernel': False}}, 'init_wandb.id': {'desc': None, 'value': 'trash000'}, 'Megan.stateful': {'desc': None, 'value': True}, 'init_wandb.name': {'desc': None, 'value': 'trash'}, 'Megan.hidden_dim': {'desc': None, 'value': 1024}, 'MeganDecoder.n_fc': {'desc': None, 'value': 2}, 'Megan.bond_emb_dim': {'desc': None, 'value': 32}, 'init_wandb.project': {'desc': None, 'value': 'megan'}, 'Megan.n_reaction_types': {'desc': None, 'value': 10}, 'train_megan.batch_size': {'desc': None, 'value': 2}, 'Megan.atom_feature_keys': {'desc': None, 'value': ['is_supernode', 'atomic_num', 'formal_charge', 'chiral_tag', 'num_explicit_hs', 'is_aromatic']}, 'Megan.bond_feature_keys': {'desc': None, 'value': ['bond_type', 'bond_stereo']}, 'get_dataset.dataset_key': {'desc': None, 'value': 'uspto_50k'}, 'train_megan.start_epoch': {'desc': None, 'value': 0}, 'MeganDecoder.dec_dropout': {'desc': None, 'value': 0.3}, 'MeganEncoder.enc_dropout': {'desc': None, 'value': 0.3}, 'train_megan.max_n_epochs': {'desc': None, 'value': 200}, 'Megan.reaction_type_given': {'desc': None, 'value': False}, 'MeganDecoder.dec_residual': {'desc': None, 'value': True}, 'MeganEncoder.enc_residual': {'desc': None, 'value': True}, 'train_megan.gen_lr_factor': {'desc': None, 'value': 0.05}, 'train_megan.learning_rate': {'desc': None, 'value': 0.0001}, 'MeganDecoder.bond_atom_dim': {'desc': None, 'value': 128}, 'MultiHeadGraphConvLayer.v2': {'desc': None, 'value': True}, 'train_megan.early_stopping': {'desc': None, 'value': 16}, 'train_megan.featurizer_key': {'desc': None, 'value': 'megan_16_bfs_randat'}, 'Megan.reaction_type_emb_dim': {'desc': None, 'value': 16}, 'MeganDecoder.n_decoder_conv': {'desc': None, 'value': 2}, 'MeganEncoder.n_encoder_conv': {'desc': None, 'value': 4}, 'train_megan.gen_lr_patience': {'desc': None, 'value': 6}, 'MeganDecoder.atom_fc_hidden_dim': {'desc': None, 'value': 128}, 'MeganDecoder.bond_fc_hidden_dim': {'desc': None, 'value': 128}, 'MultiHeadGraphConvLayer.att_dim': {'desc': None, 'value': 128}, 'train_megan.megan_warmup_epochs': {'desc': None, 'value': 1}, 'MultiHeadGraphConvLayer.att_heads': {'desc': None, 'value': 8}, 'train_megan.train_samples_per_epoch': {'desc': None, 'value': 20000}, 'train_megan.valid_samples_per_epoch': {'desc': None, 'value': 5000}})
2023-01-13 19:13:39,050 DEBUG   HandlerThread:63363 [handler.py:handle_request():139] handle_request: check_version
2023-01-13 19:13:39,056 INFO    SenderThread:63363 [dir_watcher.py:__init__():216] watching files in: /Users/philippemartin/Documents/projets_IA/Drug Discovery/megan/wandb/run-20230113_191338-trash000/files
2023-01-13 19:13:39,058 INFO    SenderThread:63363 [sender.py:_start_run_threads():931] run started: trash000 with start time 1673625854.045118
2023-01-13 19:13:39,058 DEBUG   SenderThread:63363 [sender.py:send():303] send: summary
2023-01-13 19:13:39,059 INFO    SenderThread:63363 [sender.py:_save_file():1171] saving file wandb-summary.json with policy end
2023-01-13 19:13:39,060 DEBUG   SenderThread:63363 [sender.py:send_request():317] send_request: check_version
2023-01-13 19:13:39,204 DEBUG   HandlerThread:63363 [handler.py:handle_request():139] handle_request: run_start
2023-01-13 19:13:39,206 DEBUG   HandlerThread:63363 [system_info.py:__init__():31] System info init
2023-01-13 19:13:39,206 DEBUG   HandlerThread:63363 [system_info.py:__init__():46] System info init done
2023-01-13 19:13:39,207 INFO    HandlerThread:63363 [system_monitor.py:start():150] Starting system monitor
2023-01-13 19:13:39,209 INFO    SystemMonitor:63363 [system_monitor.py:_start():116] Starting system asset monitoring threads
2023-01-13 19:13:39,210 INFO    SystemMonitor:63363 [interfaces.py:start():168] Started cpu
2023-01-13 19:13:39,213 INFO    SystemMonitor:63363 [interfaces.py:start():168] Started disk
2023-01-13 19:13:39,216 INFO    SystemMonitor:63363 [interfaces.py:start():168] Started memory
2023-01-13 19:13:39,219 INFO    SystemMonitor:63363 [interfaces.py:start():168] Started network
2023-01-13 19:13:39,308 DEBUG   HandlerThread:63363 [handler.py:handle_request():139] handle_request: stop_status
2023-01-13 19:13:39,309 DEBUG   SenderThread:63363 [sender.py:send_request():317] send_request: stop_status
2023-01-13 19:13:39,464 DEBUG   SenderThread:63363 [sender.py:send():303] send: telemetry
2023-01-13 19:13:40,066 INFO    Thread-19 :63363 [dir_watcher.py:_on_file_created():275] file/dir created: /Users/philippemartin/Documents/projets_IA/Drug Discovery/megan/wandb/run-20230113_191338-trash000/files/wandb-summary.json
2023-01-13 19:13:41,062 INFO    Thread-19 :63363 [dir_watcher.py:_on_file_created():275] file/dir created: /Users/philippemartin/Documents/projets_IA/Drug Discovery/megan/wandb/run-20230113_191338-trash000/files/output.log
2023-01-13 19:13:43,071 INFO    Thread-19 :63363 [dir_watcher.py:_on_file_modified():292] file/dir modified: /Users/philippemartin/Documents/projets_IA/Drug Discovery/megan/wandb/run-20230113_191338-trash000/files/output.log
2023-01-13 19:13:44,077 INFO    Thread-19 :63363 [dir_watcher.py:_on_file_modified():292] file/dir modified: /Users/philippemartin/Documents/projets_IA/Drug Discovery/megan/wandb/run-20230113_191338-trash000/files/output.log
2023-01-13 19:13:54,481 DEBUG   HandlerThread:63363 [handler.py:handle_request():139] handle_request: stop_status
2023-01-13 19:13:54,482 DEBUG   SenderThread:63363 [sender.py:send_request():317] send_request: stop_status
2023-01-13 19:14:09,185 INFO    Thread-19 :63363 [dir_watcher.py:_on_file_modified():292] file/dir modified: /Users/philippemartin/Documents/projets_IA/Drug Discovery/megan/wandb/run-20230113_191338-trash000/files/config.yaml
2023-01-13 19:14:09,674 DEBUG   HandlerThread:63363 [handler.py:handle_request():139] handle_request: stop_status
2023-01-13 19:14:09,676 DEBUG   SenderThread:63363 [sender.py:send_request():317] send_request: stop_status
2023-01-13 19:14:24,867 DEBUG   HandlerThread:63363 [handler.py:handle_request():139] handle_request: stop_status
2023-01-13 19:14:24,868 DEBUG   SenderThread:63363 [sender.py:send_request():317] send_request: stop_status
2023-01-13 19:14:39,221 DEBUG   SystemMonitor:63363 [system_monitor.py:_start():130] Starting system metrics aggregation loop
2023-01-13 19:14:39,224 DEBUG   SenderThread:63363 [sender.py:send():303] send: stats
2023-01-13 19:14:40,064 DEBUG   HandlerThread:63363 [handler.py:handle_request():139] handle_request: stop_status
2023-01-13 19:14:40,065 DEBUG   SenderThread:63363 [sender.py:send_request():317] send_request: stop_status
2023-01-13 19:14:55,253 DEBUG   HandlerThread:63363 [handler.py:handle_request():139] handle_request: stop_status
2023-01-13 19:14:55,254 DEBUG   SenderThread:63363 [sender.py:send_request():317] send_request: stop_status
2023-01-13 19:15:09,236 DEBUG   SenderThread:63363 [sender.py:send():303] send: stats
2023-01-13 19:15:10,437 DEBUG   HandlerThread:63363 [handler.py:handle_request():139] handle_request: stop_status
2023-01-13 19:15:10,437 DEBUG   SenderThread:63363 [sender.py:send_request():317] send_request: stop_status
2023-01-13 19:15:25,627 DEBUG   HandlerThread:63363 [handler.py:handle_request():139] handle_request: stop_status
2023-01-13 19:15:25,628 DEBUG   SenderThread:63363 [sender.py:send_request():317] send_request: stop_status
2023-01-13 19:15:34,548 INFO    Thread-19 :63363 [dir_watcher.py:_on_file_modified():292] file/dir modified: /Users/philippemartin/Documents/projets_IA/Drug Discovery/megan/wandb/run-20230113_191338-trash000/files/output.log
2023-01-13 19:15:39,237 DEBUG   SenderThread:63363 [sender.py:send():303] send: stats
2023-01-13 19:15:40,811 DEBUG   HandlerThread:63363 [handler.py:handle_request():139] handle_request: stop_status
2023-01-13 19:15:40,812 DEBUG   SenderThread:63363 [sender.py:send_request():317] send_request: stop_status
2023-01-13 19:15:56,292 DEBUG   HandlerThread:63363 [handler.py:handle_request():139] handle_request: stop_status
2023-01-13 19:15:56,293 DEBUG   SenderThread:63363 [sender.py:send_request():317] send_request: stop_status
2023-01-13 19:16:09,245 DEBUG   SenderThread:63363 [sender.py:send():303] send: stats
2023-01-13 19:16:11,524 DEBUG   HandlerThread:63363 [handler.py:handle_request():139] handle_request: stop_status
2023-01-13 19:16:11,525 DEBUG   SenderThread:63363 [sender.py:send_request():317] send_request: stop_status
2023-01-13 19:16:26,696 DEBUG   HandlerThread:63363 [handler.py:handle_request():139] handle_request: stop_status
2023-01-13 19:16:26,697 DEBUG   SenderThread:63363 [sender.py:send_request():317] send_request: stop_status
2023-01-13 19:16:26,769 INFO    Thread-19 :63363 [dir_watcher.py:_on_file_modified():292] file/dir modified: /Users/philippemartin/Documents/projets_IA/Drug Discovery/megan/wandb/run-20230113_191338-trash000/files/output.log
2023-01-13 19:16:28,777 INFO    Thread-19 :63363 [dir_watcher.py:_on_file_modified():292] file/dir modified: /Users/philippemartin/Documents/projets_IA/Drug Discovery/megan/wandb/run-20230113_191338-trash000/files/output.log
2023-01-13 19:16:39,248 DEBUG   SenderThread:63363 [sender.py:send():303] send: stats
2023-01-13 19:16:41,881 DEBUG   HandlerThread:63363 [handler.py:handle_request():139] handle_request: stop_status
2023-01-13 19:16:41,882 DEBUG   SenderThread:63363 [sender.py:send_request():317] send_request: stop_status
2023-01-13 19:16:57,057 DEBUG   HandlerThread:63363 [handler.py:handle_request():139] handle_request: stop_status
2023-01-13 19:16:57,057 DEBUG   SenderThread:63363 [sender.py:send_request():317] send_request: stop_status
2023-01-13 19:17:09,251 DEBUG   SenderThread:63363 [sender.py:send():303] send: stats
2023-01-13 19:17:12,223 DEBUG   HandlerThread:63363 [handler.py:handle_request():139] handle_request: stop_status
2023-01-13 19:17:12,225 DEBUG   SenderThread:63363 [sender.py:send_request():317] send_request: stop_status
2023-01-13 19:17:27,437 DEBUG   HandlerThread:63363 [handler.py:handle_request():139] handle_request: stop_status
2023-01-13 19:17:27,437 DEBUG   SenderThread:63363 [sender.py:send_request():317] send_request: stop_status
2023-01-13 19:17:39,252 DEBUG   SenderThread:63363 [sender.py:send():303] send: stats
2023-01-13 19:17:42,611 DEBUG   HandlerThread:63363 [handler.py:handle_request():139] handle_request: stop_status
2023-01-13 19:17:42,612 DEBUG   SenderThread:63363 [sender.py:send_request():317] send_request: stop_status
2023-01-13 19:17:57,785 DEBUG   HandlerThread:63363 [handler.py:handle_request():139] handle_request: stop_status
2023-01-13 19:17:57,785 DEBUG   SenderThread:63363 [sender.py:send_request():317] send_request: stop_status
2023-01-13 19:18:09,258 DEBUG   SenderThread:63363 [sender.py:send():303] send: stats
2023-01-13 19:18:12,971 DEBUG   HandlerThread:63363 [handler.py:handle_request():139] handle_request: stop_status
2023-01-13 19:18:12,972 DEBUG   SenderThread:63363 [sender.py:send_request():317] send_request: stop_status
2023-01-13 19:18:28,172 DEBUG   HandlerThread:63363 [handler.py:handle_request():139] handle_request: stop_status
2023-01-13 19:18:28,173 DEBUG   SenderThread:63363 [sender.py:send_request():317] send_request: stop_status
2023-01-13 19:18:39,263 DEBUG   SenderThread:63363 [sender.py:send():303] send: stats
2023-01-13 19:18:43,370 DEBUG   HandlerThread:63363 [handler.py:handle_request():139] handle_request: stop_status
2023-01-13 19:18:43,371 DEBUG   SenderThread:63363 [sender.py:send_request():317] send_request: stop_status
2023-01-13 19:18:58,584 DEBUG   HandlerThread:63363 [handler.py:handle_request():139] handle_request: stop_status
2023-01-13 19:18:58,585 DEBUG   SenderThread:63363 [sender.py:send_request():317] send_request: stop_status
2023-01-13 19:19:09,271 DEBUG   SenderThread:63363 [sender.py:send():303] send: stats
2023-01-13 19:19:13,772 DEBUG   HandlerThread:63363 [handler.py:handle_request():139] handle_request: stop_status
2023-01-13 19:19:13,773 DEBUG   SenderThread:63363 [sender.py:send_request():317] send_request: stop_status
2023-01-13 19:19:28,970 DEBUG   HandlerThread:63363 [handler.py:handle_request():139] handle_request: stop_status
2023-01-13 19:19:28,970 DEBUG   SenderThread:63363 [sender.py:send_request():317] send_request: stop_status
2023-01-13 19:19:39,275 DEBUG   SenderThread:63363 [sender.py:send():303] send: stats
2023-01-13 19:19:44,145 DEBUG   HandlerThread:63363 [handler.py:handle_request():139] handle_request: stop_status
2023-01-13 19:19:44,146 DEBUG   SenderThread:63363 [sender.py:send_request():317] send_request: stop_status
2023-01-13 19:19:59,325 DEBUG   HandlerThread:63363 [handler.py:handle_request():139] handle_request: stop_status
2023-01-13 19:19:59,326 DEBUG   SenderThread:63363 [sender.py:send_request():317] send_request: stop_status
2023-01-13 19:20:09,282 DEBUG   SenderThread:63363 [sender.py:send():303] send: stats
2023-01-13 19:20:14,504 DEBUG   HandlerThread:63363 [handler.py:handle_request():139] handle_request: stop_status
2023-01-13 19:20:14,505 DEBUG   SenderThread:63363 [sender.py:send_request():317] send_request: stop_status
2023-01-13 19:20:29,699 DEBUG   HandlerThread:63363 [handler.py:handle_request():139] handle_request: stop_status
2023-01-13 19:20:29,700 DEBUG   SenderThread:63363 [sender.py:send_request():317] send_request: stop_status
2023-01-13 19:20:39,287 DEBUG   SenderThread:63363 [sender.py:send():303] send: stats
2023-01-13 19:20:44,875 DEBUG   HandlerThread:63363 [handler.py:handle_request():139] handle_request: stop_status
2023-01-13 19:20:44,876 DEBUG   SenderThread:63363 [sender.py:send_request():317] send_request: stop_status
2023-01-13 19:21:00,061 DEBUG   HandlerThread:63363 [handler.py:handle_request():139] handle_request: stop_status
2023-01-13 19:21:00,062 DEBUG   SenderThread:63363 [sender.py:send_request():317] send_request: stop_status
2023-01-13 19:21:09,289 DEBUG   SenderThread:63363 [sender.py:send():303] send: stats
2023-01-13 19:21:15,248 DEBUG   HandlerThread:63363 [handler.py:handle_request():139] handle_request: stop_status
2023-01-13 19:21:15,249 DEBUG   SenderThread:63363 [sender.py:send_request():317] send_request: stop_status
2023-01-13 19:21:30,446 DEBUG   HandlerThread:63363 [handler.py:handle_request():139] handle_request: stop_status
2023-01-13 19:21:30,447 DEBUG   SenderThread:63363 [sender.py:send_request():317] send_request: stop_status
2023-01-13 19:21:39,294 DEBUG   SenderThread:63363 [sender.py:send():303] send: stats
2023-01-13 19:21:45,630 DEBUG   HandlerThread:63363 [handler.py:handle_request():139] handle_request: stop_status
2023-01-13 19:21:45,631 DEBUG   SenderThread:63363 [sender.py:send_request():317] send_request: stop_status
2023-01-13 19:22:00,824 DEBUG   HandlerThread:63363 [handler.py:handle_request():139] handle_request: stop_status
2023-01-13 19:22:00,826 DEBUG   SenderThread:63363 [sender.py:send_request():317] send_request: stop_status
2023-01-13 19:22:09,298 DEBUG   SenderThread:63363 [sender.py:send():303] send: stats
2023-01-13 19:22:16,032 DEBUG   HandlerThread:63363 [handler.py:handle_request():139] handle_request: stop_status
2023-01-13 19:22:16,033 DEBUG   SenderThread:63363 [sender.py:send_request():317] send_request: stop_status
2023-01-13 19:22:31,217 DEBUG   HandlerThread:63363 [handler.py:handle_request():139] handle_request: stop_status
2023-01-13 19:22:31,219 DEBUG   SenderThread:63363 [sender.py:send_request():317] send_request: stop_status
2023-01-13 19:22:39,301 DEBUG   SenderThread:63363 [sender.py:send():303] send: stats
2023-01-13 19:22:46,419 DEBUG   HandlerThread:63363 [handler.py:handle_request():139] handle_request: stop_status
2023-01-13 19:22:46,420 DEBUG   SenderThread:63363 [sender.py:send_request():317] send_request: stop_status
2023-01-13 19:23:01,613 DEBUG   HandlerThread:63363 [handler.py:handle_request():139] handle_request: stop_status
2023-01-13 19:23:01,614 DEBUG   SenderThread:63363 [sender.py:send_request():317] send_request: stop_status
2023-01-13 19:23:09,305 DEBUG   SenderThread:63363 [sender.py:send():303] send: stats
2023-01-13 19:23:16,808 DEBUG   HandlerThread:63363 [handler.py:handle_request():139] handle_request: stop_status
2023-01-13 19:23:16,809 DEBUG   SenderThread:63363 [sender.py:send_request():317] send_request: stop_status
2023-01-13 19:23:31,990 DEBUG   HandlerThread:63363 [handler.py:handle_request():139] handle_request: stop_status
2023-01-13 19:23:31,991 DEBUG   SenderThread:63363 [sender.py:send_request():317] send_request: stop_status
2023-01-13 19:23:39,313 DEBUG   SenderThread:63363 [sender.py:send():303] send: stats
2023-01-13 19:23:47,190 DEBUG   HandlerThread:63363 [handler.py:handle_request():139] handle_request: stop_status
2023-01-13 19:23:47,191 DEBUG   SenderThread:63363 [sender.py:send_request():317] send_request: stop_status
2023-01-13 19:24:02,394 DEBUG   HandlerThread:63363 [handler.py:handle_request():139] handle_request: stop_status
2023-01-13 19:24:02,395 DEBUG   SenderThread:63363 [sender.py:send_request():317] send_request: stop_status
2023-01-13 19:24:09,320 DEBUG   SenderThread:63363 [sender.py:send():303] send: stats
2023-01-13 19:24:17,613 DEBUG   HandlerThread:63363 [handler.py:handle_request():139] handle_request: stop_status
2023-01-13 19:24:17,614 DEBUG   SenderThread:63363 [sender.py:send_request():317] send_request: stop_status
2023-01-13 19:24:32,819 DEBUG   HandlerThread:63363 [handler.py:handle_request():139] handle_request: stop_status
2023-01-13 19:24:32,820 DEBUG   SenderThread:63363 [sender.py:send_request():317] send_request: stop_status
2023-01-13 19:24:39,324 DEBUG   SenderThread:63363 [sender.py:send():303] send: stats
2023-01-13 19:24:48,030 DEBUG   HandlerThread:63363 [handler.py:handle_request():139] handle_request: stop_status
2023-01-13 19:24:48,030 DEBUG   SenderThread:63363 [sender.py:send_request():317] send_request: stop_status
2023-01-13 19:25:03,228 DEBUG   HandlerThread:63363 [handler.py:handle_request():139] handle_request: stop_status
2023-01-13 19:25:03,228 DEBUG   SenderThread:63363 [sender.py:send_request():317] send_request: stop_status
2023-01-13 19:25:09,328 DEBUG   SenderThread:63363 [sender.py:send():303] send: stats
2023-01-13 19:25:18,439 DEBUG   HandlerThread:63363 [handler.py:handle_request():139] handle_request: stop_status
2023-01-13 19:25:18,440 DEBUG   SenderThread:63363 [sender.py:send_request():317] send_request: stop_status
2023-01-13 19:25:33,631 DEBUG   HandlerThread:63363 [handler.py:handle_request():139] handle_request: stop_status
2023-01-13 19:25:33,632 DEBUG   SenderThread:63363 [sender.py:send_request():317] send_request: stop_status
2023-01-13 19:25:39,337 DEBUG   SenderThread:63363 [sender.py:send():303] send: stats
2023-01-13 19:25:48,825 DEBUG   HandlerThread:63363 [handler.py:handle_request():139] handle_request: stop_status
2023-01-13 19:25:48,826 DEBUG   SenderThread:63363 [sender.py:send_request():317] send_request: stop_status
2023-01-13 19:26:04,024 DEBUG   HandlerThread:63363 [handler.py:handle_request():139] handle_request: stop_status
2023-01-13 19:26:04,025 DEBUG   SenderThread:63363 [sender.py:send_request():317] send_request: stop_status
2023-01-13 19:26:09,340 DEBUG   SenderThread:63363 [sender.py:send():303] send: stats
2023-01-13 19:26:19,559 DEBUG   HandlerThread:63363 [handler.py:handle_request():139] handle_request: stop_status
2023-01-13 19:26:19,560 DEBUG   SenderThread:63363 [sender.py:send_request():317] send_request: stop_status
2023-01-13 19:26:34,756 DEBUG   HandlerThread:63363 [handler.py:handle_request():139] handle_request: stop_status
2023-01-13 19:26:34,757 DEBUG   SenderThread:63363 [sender.py:send_request():317] send_request: stop_status
2023-01-13 19:26:39,347 DEBUG   SenderThread:63363 [sender.py:send():303] send: stats
2023-01-13 19:26:49,955 DEBUG   HandlerThread:63363 [handler.py:handle_request():139] handle_request: stop_status
2023-01-13 19:26:49,956 DEBUG   SenderThread:63363 [sender.py:send_request():317] send_request: stop_status
2023-01-13 19:27:05,173 DEBUG   HandlerThread:63363 [handler.py:handle_request():139] handle_request: stop_status
2023-01-13 19:27:05,174 DEBUG   SenderThread:63363 [sender.py:send_request():317] send_request: stop_status
2023-01-13 19:27:09,354 DEBUG   SenderThread:63363 [sender.py:send():303] send: stats
2023-01-13 19:27:20,373 DEBUG   HandlerThread:63363 [handler.py:handle_request():139] handle_request: stop_status
2023-01-13 19:27:20,374 DEBUG   SenderThread:63363 [sender.py:send_request():317] send_request: stop_status
2023-01-13 19:27:35,559 DEBUG   HandlerThread:63363 [handler.py:handle_request():139] handle_request: stop_status
2023-01-13 19:27:35,560 DEBUG   SenderThread:63363 [sender.py:send_request():317] send_request: stop_status
2023-01-13 19:27:39,362 DEBUG   SenderThread:63363 [sender.py:send():303] send: stats
2023-01-13 19:27:50,721 DEBUG   HandlerThread:63363 [handler.py:handle_request():139] handle_request: stop_status
2023-01-13 19:27:50,722 DEBUG   SenderThread:63363 [sender.py:send_request():317] send_request: stop_status
2023-01-13 19:28:05,917 DEBUG   HandlerThread:63363 [handler.py:handle_request():139] handle_request: stop_status
2023-01-13 19:28:05,918 DEBUG   SenderThread:63363 [sender.py:send_request():317] send_request: stop_status
2023-01-13 19:28:09,367 DEBUG   SenderThread:63363 [sender.py:send():303] send: stats
2023-01-13 19:28:21,113 DEBUG   HandlerThread:63363 [handler.py:handle_request():139] handle_request: stop_status
2023-01-13 19:28:21,115 DEBUG   SenderThread:63363 [sender.py:send_request():317] send_request: stop_status
2023-01-13 19:28:36,313 DEBUG   HandlerThread:63363 [handler.py:handle_request():139] handle_request: stop_status
2023-01-13 19:28:36,315 DEBUG   SenderThread:63363 [sender.py:send_request():317] send_request: stop_status
2023-01-13 19:28:39,377 DEBUG   SenderThread:63363 [sender.py:send():303] send: stats
2023-01-13 19:28:51,518 DEBUG   HandlerThread:63363 [handler.py:handle_request():139] handle_request: stop_status
2023-01-13 19:28:51,520 DEBUG   SenderThread:63363 [sender.py:send_request():317] send_request: stop_status
2023-01-13 19:29:06,709 DEBUG   HandlerThread:63363 [handler.py:handle_request():139] handle_request: stop_status
2023-01-13 19:29:06,710 DEBUG   SenderThread:63363 [sender.py:send_request():317] send_request: stop_status
2023-01-13 19:29:09,384 DEBUG   SenderThread:63363 [sender.py:send():303] send: stats
2023-01-13 19:29:21,899 DEBUG   HandlerThread:63363 [handler.py:handle_request():139] handle_request: stop_status
2023-01-13 19:29:21,900 DEBUG   SenderThread:63363 [sender.py:send_request():317] send_request: stop_status
2023-01-13 19:29:39,388 DEBUG   SenderThread:63363 [sender.py:send():303] send: stats
2023-01-13 19:29:41,784 DEBUG   HandlerThread:63363 [handler.py:handle_request():139] handle_request: stop_status
2023-01-13 19:29:41,785 DEBUG   SenderThread:63363 [sender.py:send_request():317] send_request: stop_status
2023-01-13 19:29:57,000 DEBUG   HandlerThread:63363 [handler.py:handle_request():139] handle_request: stop_status
2023-01-13 19:29:57,001 DEBUG   SenderThread:63363 [sender.py:send_request():317] send_request: stop_status
2023-01-13 19:30:09,393 DEBUG   SenderThread:63363 [sender.py:send():303] send: stats
2023-01-13 19:30:12,192 DEBUG   HandlerThread:63363 [handler.py:handle_request():139] handle_request: stop_status
2023-01-13 19:30:12,193 DEBUG   SenderThread:63363 [sender.py:send_request():317] send_request: stop_status
2023-01-13 19:30:27,655 DEBUG   HandlerThread:63363 [handler.py:handle_request():139] handle_request: stop_status
2023-01-13 19:30:27,656 DEBUG   SenderThread:63363 [sender.py:send_request():317] send_request: stop_status
2023-01-13 19:30:39,399 DEBUG   SenderThread:63363 [sender.py:send():303] send: stats
2023-01-13 19:30:42,836 DEBUG   HandlerThread:63363 [handler.py:handle_request():139] handle_request: stop_status
2023-01-13 19:30:42,837 DEBUG   SenderThread:63363 [sender.py:send_request():317] send_request: stop_status
2023-01-13 19:30:58,035 DEBUG   HandlerThread:63363 [handler.py:handle_request():139] handle_request: stop_status
2023-01-13 19:30:58,037 DEBUG   SenderThread:63363 [sender.py:send_request():317] send_request: stop_status
2023-01-13 19:31:09,403 DEBUG   SenderThread:63363 [sender.py:send():303] send: stats
2023-01-13 19:31:13,235 DEBUG   HandlerThread:63363 [handler.py:handle_request():139] handle_request: stop_status
2023-01-13 19:31:13,236 DEBUG   SenderThread:63363 [sender.py:send_request():317] send_request: stop_status
2023-01-13 19:31:28,435 DEBUG   HandlerThread:63363 [handler.py:handle_request():139] handle_request: stop_status
2023-01-13 19:31:28,438 DEBUG   SenderThread:63363 [sender.py:send_request():317] send_request: stop_status
2023-01-13 19:31:39,410 DEBUG   SenderThread:63363 [sender.py:send():303] send: stats
2023-01-13 19:31:43,631 DEBUG   HandlerThread:63363 [handler.py:handle_request():139] handle_request: stop_status
2023-01-13 19:31:43,632 DEBUG   SenderThread:63363 [sender.py:send_request():317] send_request: stop_status
2023-01-13 19:31:58,874 DEBUG   HandlerThread:63363 [handler.py:handle_request():139] handle_request: stop_status
2023-01-13 19:31:58,876 DEBUG   SenderThread:63363 [sender.py:send_request():317] send_request: stop_status
2023-01-13 20:48:11,252 DEBUG   SenderThread:63363 [sender.py:send():303] send: stats
2023-01-13 20:48:14,863 DEBUG   HandlerThread:63363 [handler.py:handle_request():139] handle_request: stop_status
2023-01-13 20:48:14,863 DEBUG   SenderThread:63363 [sender.py:send_request():317] send_request: stop_status
2023-01-13 20:48:29,550 WARNING FileStreamThread:63363 [file_stream.py:request_with_retry():672] requests_with_retry encountered retryable exception: HTTPSConnectionPool(host='api.wandb.ai', port=443): Read timed out. (read timeout=None). func: <bound method Session.post of <requests.sessions.Session object at 0x7fd8f7b20518>>, args: ('https://api.wandb.ai/files/pmartin1/megan/trash000/file_stream',), kwargs: {'json': {'complete': False, 'failed': False, 'dropped': 0, 'uploaded': []}}
2023-01-13 20:48:30,392 DEBUG   HandlerThread:63363 [handler.py:handle_request():139] handle_request: stop_status
2023-01-13 20:48:30,393 DEBUG   SenderThread:63363 [sender.py:send_request():317] send_request: stop_status
2023-01-13 20:48:41,219 DEBUG   SenderThread:63363 [sender.py:send():303] send: stats
2023-01-13 20:48:45,539 DEBUG   HandlerThread:63363 [handler.py:handle_request():139] handle_request: stop_status
2023-01-13 20:48:45,540 DEBUG   SenderThread:63363 [sender.py:send_request():317] send_request: stop_status
2023-01-13 20:49:05,558 DEBUG   HandlerThread:63363 [handler.py:handle_request():139] handle_request: stop_status
2023-01-15 01:14:04,673 ERROR   SenderThread:63363 [retry.py:__call__():154] Retry attempt failed:
Traceback (most recent call last):
  File "/Users/philippemartin/opt/miniconda3/envs/megan/lib/python3.6/site-packages/urllib3/connection.py", line 175, in _new_conn
    (self._dns_host, self.port), self.timeout, **extra_kw
  File "/Users/philippemartin/opt/miniconda3/envs/megan/lib/python3.6/site-packages/urllib3/util/connection.py", line 95, in create_connection
    raise err
  File "/Users/philippemartin/opt/miniconda3/envs/megan/lib/python3.6/site-packages/urllib3/util/connection.py", line 85, in create_connection
    sock.connect(sa)
TimeoutError: [Errno 60] Operation timed out

During handling of the above exception, another exception occurred:

Traceback (most recent call last):
  File "/Users/philippemartin/opt/miniconda3/envs/megan/lib/python3.6/site-packages/urllib3/connectionpool.py", line 710, in urlopen
    chunked=chunked,
  File "/Users/philippemartin/opt/miniconda3/envs/megan/lib/python3.6/site-packages/urllib3/connectionpool.py", line 386, in _make_request
    self._validate_conn(conn)
  File "/Users/philippemartin/opt/miniconda3/envs/megan/lib/python3.6/site-packages/urllib3/connectionpool.py", line 1042, in _validate_conn
    conn.connect()
  File "/Users/philippemartin/opt/miniconda3/envs/megan/lib/python3.6/site-packages/urllib3/connection.py", line 358, in connect
    self.sock = conn = self._new_conn()
  File "/Users/philippemartin/opt/miniconda3/envs/megan/lib/python3.6/site-packages/urllib3/connection.py", line 187, in _new_conn
    self, "Failed to establish a new connection: %s" % e
urllib3.exceptions.NewConnectionError: <urllib3.connection.HTTPSConnection object at 0x7fd8f7fb0668>: Failed to establish a new connection: [Errno 60] Operation timed out

During handling of the above exception, another exception occurred:

Traceback (most recent call last):
  File "/Users/philippemartin/opt/miniconda3/envs/megan/lib/python3.6/site-packages/requests/adapters.py", line 450, in send
    timeout=timeout
  File "/Users/philippemartin/opt/miniconda3/envs/megan/lib/python3.6/site-packages/urllib3/connectionpool.py", line 788, in urlopen
    method, url, error=e, _pool=self, _stacktrace=sys.exc_info()[2]
  File "/Users/philippemartin/opt/miniconda3/envs/megan/lib/python3.6/site-packages/urllib3/util/retry.py", line 592, in increment
    raise MaxRetryError(_pool, url, error or ResponseError(cause))
urllib3.exceptions.MaxRetryError: HTTPSConnectionPool(host='api.wandb.ai', port=443): Max retries exceeded with url: /graphql (Caused by NewConnectionError('<urllib3.connection.HTTPSConnection object at 0x7fd8f7fb0668>: Failed to establish a new connection: [Errno 60] Operation timed out',))

During handling of the above exception, another exception occurred:

Traceback (most recent call last):
  File "/Users/philippemartin/opt/miniconda3/envs/megan/lib/python3.6/site-packages/wandb/sdk/lib/retry.py", line 113, in __call__
    result = self._call_fn(*args, **kwargs)
  File "/Users/philippemartin/opt/miniconda3/envs/megan/lib/python3.6/site-packages/wandb/sdk/internal/internal_api.py", line 209, in execute
    return self.client.execute(*args, **kwargs)  # type: ignore
  File "/Users/philippemartin/opt/miniconda3/envs/megan/lib/python3.6/site-packages/wandb/vendor/gql-0.2.0/wandb_gql/client.py", line 52, in execute
    result = self._get_result(document, *args, **kwargs)
  File "/Users/philippemartin/opt/miniconda3/envs/megan/lib/python3.6/site-packages/wandb/vendor/gql-0.2.0/wandb_gql/client.py", line 60, in _get_result
    return self.transport.execute(document, *args, **kwargs)
  File "/Users/philippemartin/opt/miniconda3/envs/megan/lib/python3.6/site-packages/wandb/vendor/gql-0.2.0/wandb_gql/transport/requests.py", line 38, in execute
    request = requests.post(self.url, **post_args)
  File "/Users/philippemartin/opt/miniconda3/envs/megan/lib/python3.6/site-packages/requests/api.py", line 117, in post
    return request('post', url, data=data, json=json, **kwargs)
  File "/Users/philippemartin/opt/miniconda3/envs/megan/lib/python3.6/site-packages/requests/api.py", line 61, in request
    return session.request(method=method, url=url, **kwargs)
  File "/Users/philippemartin/opt/miniconda3/envs/megan/lib/python3.6/site-packages/requests/sessions.py", line 529, in request
    resp = self.send(prep, **send_kwargs)
  File "/Users/philippemartin/opt/miniconda3/envs/megan/lib/python3.6/site-packages/requests/sessions.py", line 645, in send
    r = adapter.send(request, **kwargs)
  File "/Users/philippemartin/opt/miniconda3/envs/megan/lib/python3.6/site-packages/requests/adapters.py", line 519, in send
    raise ConnectionError(e, request=request)
requests.exceptions.ConnectionError: HTTPSConnectionPool(host='api.wandb.ai', port=443): Max retries exceeded with url: /graphql (Caused by NewConnectionError('<urllib3.connection.HTTPSConnection object at 0x7fd8f7fb0668>: Failed to establish a new connection: [Errno 60] Operation timed out',))
2023-01-15 01:14:13,974 DEBUG   HandlerThread:63363 [handler.py:handle_request():139] handle_request: stop_status
2023-01-15 01:14:18,264 DEBUG   SenderThread:63363 [sender.py:send_request():317] send_request: stop_status
2023-01-15 01:14:18,476 DEBUG   SenderThread:63363 [sender.py:send():303] send: stats
2023-01-15 01:14:18,477 DEBUG   SenderThread:63363 [sender.py:send():303] send: stats
2023-01-15 01:14:18,478 DEBUG   SenderThread:63363 [sender.py:send_request():317] send_request: stop_status
2023-01-15 01:14:33,675 DEBUG   HandlerThread:63363 [handler.py:handle_request():139] handle_request: stop_status
2023-01-15 01:14:33,676 DEBUG   SenderThread:63363 [sender.py:send_request():317] send_request: stop_status
2023-01-15 01:14:34,112 DEBUG   SenderThread:63363 [sender.py:send():303] send: stats
2023-01-15 01:14:48,850 DEBUG   HandlerThread:63363 [handler.py:handle_request():139] handle_request: stop_status
2023-01-15 01:14:48,851 DEBUG   SenderThread:63363 [sender.py:send_request():317] send_request: stop_status
2023-01-15 01:15:04,030 DEBUG   HandlerThread:63363 [handler.py:handle_request():139] handle_request: stop_status
2023-01-15 01:15:04,030 DEBUG   SenderThread:63363 [sender.py:send_request():317] send_request: stop_status
2023-01-15 01:15:04,199 DEBUG   SenderThread:63363 [sender.py:send():303] send: stats
2023-01-15 01:15:19,212 DEBUG   HandlerThread:63363 [handler.py:handle_request():139] handle_request: stop_status
2023-01-15 01:15:19,213 DEBUG   SenderThread:63363 [sender.py:send_request():317] send_request: stop_status
2023-01-15 01:15:34,123 DEBUG   SenderThread:63363 [sender.py:send():303] send: stats
2023-01-15 01:15:34,425 DEBUG   HandlerThread:63363 [handler.py:handle_request():139] handle_request: stop_status
2023-01-15 01:15:34,426 DEBUG   SenderThread:63363 [sender.py:send_request():317] send_request: stop_status
2023-01-15 01:15:49,613 DEBUG   HandlerThread:63363 [handler.py:handle_request():139] handle_request: stop_status
2023-01-15 01:15:49,614 DEBUG   SenderThread:63363 [sender.py:send_request():317] send_request: stop_status
2023-01-15 01:16:04,125 DEBUG   SenderThread:63363 [sender.py:send():303] send: stats
2023-01-15 01:16:04,801 DEBUG   HandlerThread:63363 [handler.py:handle_request():139] handle_request: stop_status
2023-01-15 01:16:04,801 DEBUG   SenderThread:63363 [sender.py:send_request():317] send_request: stop_status
2023-01-15 01:16:20,004 DEBUG   HandlerThread:63363 [handler.py:handle_request():139] handle_request: stop_status
2023-01-15 01:16:20,021 DEBUG   SenderThread:63363 [sender.py:send_request():317] send_request: stop_status
2023-01-15 01:16:34,128 DEBUG   SenderThread:63363 [sender.py:send():303] send: stats
2023-01-15 01:16:35,233 DEBUG   HandlerThread:63363 [handler.py:handle_request():139] handle_request: stop_status
2023-01-15 01:16:35,234 DEBUG   SenderThread:63363 [sender.py:send_request():317] send_request: stop_status
2023-01-15 01:16:50,427 DEBUG   HandlerThread:63363 [handler.py:handle_request():139] handle_request: stop_status
2023-01-15 01:16:50,428 DEBUG   SenderThread:63363 [sender.py:send_request():317] send_request: stop_status
2023-01-15 01:17:04,132 DEBUG   SenderThread:63363 [sender.py:send():303] send: stats
2023-01-15 01:17:05,651 DEBUG   HandlerThread:63363 [handler.py:handle_request():139] handle_request: stop_status
2023-01-15 01:17:05,652 DEBUG   SenderThread:63363 [sender.py:send_request():317] send_request: stop_status
2023-01-15 01:17:20,827 DEBUG   HandlerThread:63363 [handler.py:handle_request():139] handle_request: stop_status
2023-01-15 01:17:20,828 DEBUG   SenderThread:63363 [sender.py:send_request():317] send_request: stop_status
2023-01-15 01:17:34,134 DEBUG   SenderThread:63363 [sender.py:send():303] send: stats
2023-01-15 01:17:36,016 DEBUG   HandlerThread:63363 [handler.py:handle_request():139] handle_request: stop_status
2023-01-15 01:17:36,017 DEBUG   SenderThread:63363 [sender.py:send_request():317] send_request: stop_status
2023-01-15 01:17:51,214 DEBUG   HandlerThread:63363 [handler.py:handle_request():139] handle_request: stop_status
2023-01-15 01:17:51,215 DEBUG   SenderThread:63363 [sender.py:send_request():317] send_request: stop_status
2023-01-15 01:18:04,135 DEBUG   SenderThread:63363 [sender.py:send():303] send: stats
2023-01-15 01:18:06,396 DEBUG   HandlerThread:63363 [handler.py:handle_request():139] handle_request: stop_status
2023-01-15 01:18:06,397 DEBUG   SenderThread:63363 [sender.py:send_request():317] send_request: stop_status
2023-01-15 01:18:21,587 DEBUG   HandlerThread:63363 [handler.py:handle_request():139] handle_request: stop_status
2023-01-15 01:18:21,588 DEBUG   SenderThread:63363 [sender.py:send_request():317] send_request: stop_status
2023-01-15 01:18:34,138 DEBUG   SenderThread:63363 [sender.py:send():303] send: stats
2023-01-15 01:18:36,769 DEBUG   HandlerThread:63363 [handler.py:handle_request():139] handle_request: stop_status
2023-01-15 01:18:36,770 DEBUG   SenderThread:63363 [sender.py:send_request():317] send_request: stop_status
2023-01-15 01:18:51,956 DEBUG   HandlerThread:63363 [handler.py:handle_request():139] handle_request: stop_status
2023-01-15 01:18:51,958 DEBUG   SenderThread:63363 [sender.py:send_request():317] send_request: stop_status
2023-01-15 01:19:04,141 DEBUG   SenderThread:63363 [sender.py:send():303] send: stats
2023-01-15 01:19:07,144 DEBUG   HandlerThread:63363 [handler.py:handle_request():139] handle_request: stop_status
2023-01-15 01:19:07,145 DEBUG   SenderThread:63363 [sender.py:send_request():317] send_request: stop_status
2023-01-15 01:19:22,327 DEBUG   HandlerThread:63363 [handler.py:handle_request():139] handle_request: stop_status
2023-01-15 01:19:22,329 DEBUG   SenderThread:63363 [sender.py:send_request():317] send_request: stop_status
2023-01-15 01:19:34,144 DEBUG   SenderThread:63363 [sender.py:send():303] send: stats
2023-01-15 01:19:37,517 DEBUG   HandlerThread:63363 [handler.py:handle_request():139] handle_request: stop_status
2023-01-15 01:19:37,517 DEBUG   SenderThread:63363 [sender.py:send_request():317] send_request: stop_status
2023-01-15 01:19:52,711 DEBUG   HandlerThread:63363 [handler.py:handle_request():139] handle_request: stop_status
2023-01-15 01:19:52,712 DEBUG   SenderThread:63363 [sender.py:send_request():317] send_request: stop_status
2023-01-15 01:20:04,147 DEBUG   SenderThread:63363 [sender.py:send():303] send: stats
2023-01-15 01:20:07,898 DEBUG   HandlerThread:63363 [handler.py:handle_request():139] handle_request: stop_status
2023-01-15 01:20:07,900 DEBUG   SenderThread:63363 [sender.py:send_request():317] send_request: stop_status
2023-01-15 01:20:23,094 DEBUG   HandlerThread:63363 [handler.py:handle_request():139] handle_request: stop_status
2023-01-15 01:20:23,095 DEBUG   SenderThread:63363 [sender.py:send_request():317] send_request: stop_status
2023-01-15 01:20:34,150 DEBUG   SenderThread:63363 [sender.py:send():303] send: stats
2023-01-15 01:20:38,294 DEBUG   HandlerThread:63363 [handler.py:handle_request():139] handle_request: stop_status
2023-01-15 01:20:38,296 DEBUG   SenderThread:63363 [sender.py:send_request():317] send_request: stop_status
2023-01-15 01:20:53,500 DEBUG   HandlerThread:63363 [handler.py:handle_request():139] handle_request: stop_status
2023-01-15 01:20:53,500 DEBUG   SenderThread:63363 [sender.py:send_request():317] send_request: stop_status
2023-01-15 01:21:04,153 DEBUG   SenderThread:63363 [sender.py:send():303] send: stats
2023-01-15 01:21:08,690 DEBUG   HandlerThread:63363 [handler.py:handle_request():139] handle_request: stop_status
2023-01-15 01:21:08,691 DEBUG   SenderThread:63363 [sender.py:send_request():317] send_request: stop_status
2023-01-15 01:21:23,876 DEBUG   HandlerThread:63363 [handler.py:handle_request():139] handle_request: stop_status
2023-01-15 01:21:23,877 DEBUG   SenderThread:63363 [sender.py:send_request():317] send_request: stop_status
2023-01-15 01:21:34,157 DEBUG   SenderThread:63363 [sender.py:send():303] send: stats
2023-01-15 01:21:39,067 DEBUG   HandlerThread:63363 [handler.py:handle_request():139] handle_request: stop_status
2023-01-15 01:21:39,068 DEBUG   SenderThread:63363 [sender.py:send_request():317] send_request: stop_status
2023-01-15 01:21:54,256 DEBUG   HandlerThread:63363 [handler.py:handle_request():139] handle_request: stop_status
2023-01-15 01:21:54,257 DEBUG   SenderThread:63363 [sender.py:send_request():317] send_request: stop_status
2023-01-15 01:22:04,163 DEBUG   SenderThread:63363 [sender.py:send():303] send: stats
2023-01-15 01:22:09,519 DEBUG   HandlerThread:63363 [handler.py:handle_request():139] handle_request: stop_status
2023-01-15 01:22:09,520 DEBUG   SenderThread:63363 [sender.py:send_request():317] send_request: stop_status
2023-01-15 01:22:24,709 DEBUG   HandlerThread:63363 [handler.py:handle_request():139] handle_request: stop_status
2023-01-15 01:22:24,710 DEBUG   SenderThread:63363 [sender.py:send_request():317] send_request: stop_status
2023-01-15 01:22:34,167 DEBUG   SenderThread:63363 [sender.py:send():303] send: stats
2023-01-15 01:22:39,921 DEBUG   HandlerThread:63363 [handler.py:handle_request():139] handle_request: stop_status
2023-01-15 01:22:39,922 DEBUG   SenderThread:63363 [sender.py:send_request():317] send_request: stop_status
2023-01-15 01:22:55,137 DEBUG   HandlerThread:63363 [handler.py:handle_request():139] handle_request: stop_status
2023-01-15 01:22:55,138 DEBUG   SenderThread:63363 [sender.py:send_request():317] send_request: stop_status
2023-01-15 01:23:04,173 DEBUG   SenderThread:63363 [sender.py:send():303] send: stats
2023-01-15 01:23:10,337 DEBUG   HandlerThread:63363 [handler.py:handle_request():139] handle_request: stop_status
2023-01-15 01:23:10,337 DEBUG   SenderThread:63363 [sender.py:send_request():317] send_request: stop_status
2023-01-15 01:23:25,550 DEBUG   HandlerThread:63363 [handler.py:handle_request():139] handle_request: stop_status
2023-01-15 01:23:25,552 DEBUG   SenderThread:63363 [sender.py:send_request():317] send_request: stop_status
2023-01-15 01:23:34,178 DEBUG   SenderThread:63363 [sender.py:send():303] send: stats
2023-01-15 01:23:40,773 DEBUG   HandlerThread:63363 [handler.py:handle_request():139] handle_request: stop_status
2023-01-15 01:23:40,774 DEBUG   SenderThread:63363 [sender.py:send_request():317] send_request: stop_status
2023-01-15 01:23:55,975 DEBUG   HandlerThread:63363 [handler.py:handle_request():139] handle_request: stop_status
2023-01-15 01:23:55,975 DEBUG   SenderThread:63363 [sender.py:send_request():317] send_request: stop_status
2023-01-15 01:24:04,183 DEBUG   SenderThread:63363 [sender.py:send():303] send: stats
2023-01-15 01:24:11,182 DEBUG   HandlerThread:63363 [handler.py:handle_request():139] handle_request: stop_status
2023-01-15 01:24:11,183 DEBUG   SenderThread:63363 [sender.py:send_request():317] send_request: stop_status
2023-01-15 01:24:25,042 WARNING FileStreamThread:63363 [file_stream.py:request_with_retry():672] requests_with_retry encountered retryable exception: HTTPSConnectionPool(host='api.wandb.ai', port=443): Read timed out. (read timeout=None). func: <bound method Session.post of <requests.sessions.Session object at 0x7fd8f7b20518>>, args: ('https://api.wandb.ai/files/pmartin1/megan/trash000/file_stream',), kwargs: {'json': {'files': {'wandb-events.jsonl': {'offset': 210, 'content': ['{"system.cpu": 0.52, "system.cpu.0.cpu_percent": 38.8, "system.cpu.1.cpu_percent": 2.33, "system.cpu.2.cpu_percent": 34.32, "system.cpu.3.cpu_percent": 2.8, "system.cpu.4.cpu_percent": 30.36, "system.cpu.5.cpu_percent": 2.43, "system.cpu.6.cpu_percent": 26.95, "system.cpu.7.cpu_percent": 2.37, "system.proc.cpu.threads": 21, "system.disk": 64.3, "system.proc.memory.availableMB": 5786.15, "system.memory": 64.69, "system.proc.memory.rssMB": 919.43, "system.proc.memory.percent": 5.61, "system.network.sent": 3705992.53, "system.network.recv": 3796241.07, "_wandb": true, "_timestamp": 1673639321.216369, "_runtime": 13467.171251}']}}, 'dropped': 0}}
2023-01-15 01:24:26,415 DEBUG   HandlerThread:63363 [handler.py:handle_request():139] handle_request: stop_status
2023-01-15 01:24:26,416 DEBUG   SenderThread:63363 [sender.py:send_request():317] send_request: stop_status
2023-01-15 01:24:34,190 DEBUG   SenderThread:63363 [sender.py:send():303] send: stats
2023-01-15 01:24:41,698 DEBUG   HandlerThread:63363 [handler.py:handle_request():139] handle_request: stop_status
2023-01-15 01:24:41,699 DEBUG   SenderThread:63363 [sender.py:send_request():317] send_request: stop_status
2023-01-15 01:24:56,894 DEBUG   HandlerThread:63363 [handler.py:handle_request():139] handle_request: stop_status
2023-01-15 01:24:56,895 DEBUG   SenderThread:63363 [sender.py:send_request():317] send_request: stop_status
2023-01-15 01:25:04,201 DEBUG   SenderThread:63363 [sender.py:send():303] send: stats
2023-01-15 01:25:12,086 DEBUG   HandlerThread:63363 [handler.py:handle_request():139] handle_request: stop_status
2023-01-15 01:25:12,087 DEBUG   SenderThread:63363 [sender.py:send_request():317] send_request: stop_status
2023-01-15 01:25:27,290 DEBUG   HandlerThread:63363 [handler.py:handle_request():139] handle_request: stop_status
2023-01-15 01:25:27,290 DEBUG   SenderThread:63363 [sender.py:send_request():317] send_request: stop_status
2023-01-15 01:25:34,210 DEBUG   SenderThread:63363 [sender.py:send():303] send: stats
2023-01-15 01:25:42,488 DEBUG   HandlerThread:63363 [handler.py:handle_request():139] handle_request: stop_status
2023-01-15 01:25:42,488 DEBUG   SenderThread:63363 [sender.py:send_request():317] send_request: stop_status
2023-01-15 01:25:57,688 DEBUG   HandlerThread:63363 [handler.py:handle_request():139] handle_request: stop_status
2023-01-15 01:25:57,689 DEBUG   SenderThread:63363 [sender.py:send_request():317] send_request: stop_status
2023-01-15 01:26:04,221 DEBUG   SenderThread:63363 [sender.py:send():303] send: stats
2023-01-15 01:26:12,886 DEBUG   HandlerThread:63363 [handler.py:handle_request():139] handle_request: stop_status
2023-01-15 01:26:12,887 DEBUG   SenderThread:63363 [sender.py:send_request():317] send_request: stop_status
2023-01-15 01:26:28,209 DEBUG   HandlerThread:63363 [handler.py:handle_request():139] handle_request: stop_status
2023-01-15 01:26:28,210 DEBUG   SenderThread:63363 [sender.py:send_request():317] send_request: stop_status
2023-01-15 01:26:34,227 DEBUG   SenderThread:63363 [sender.py:send():303] send: stats
2023-01-15 01:26:43,413 DEBUG   HandlerThread:63363 [handler.py:handle_request():139] handle_request: stop_status
2023-01-15 01:26:43,414 DEBUG   SenderThread:63363 [sender.py:send_request():317] send_request: stop_status
2023-01-15 01:26:58,618 DEBUG   HandlerThread:63363 [handler.py:handle_request():139] handle_request: stop_status
2023-01-15 01:26:58,619 DEBUG   SenderThread:63363 [sender.py:send_request():317] send_request: stop_status
2023-01-15 01:27:04,233 DEBUG   SenderThread:63363 [sender.py:send():303] send: stats
2023-01-15 01:27:13,829 DEBUG   HandlerThread:63363 [handler.py:handle_request():139] handle_request: stop_status
2023-01-15 01:27:13,830 DEBUG   SenderThread:63363 [sender.py:send_request():317] send_request: stop_status
2023-01-15 01:27:29,177 DEBUG   HandlerThread:63363 [handler.py:handle_request():139] handle_request: stop_status
2023-01-15 01:27:29,178 DEBUG   SenderThread:63363 [sender.py:send_request():317] send_request: stop_status
2023-01-15 01:27:34,243 DEBUG   SenderThread:63363 [sender.py:send():303] send: stats
2023-01-15 01:27:44,374 DEBUG   HandlerThread:63363 [handler.py:handle_request():139] handle_request: stop_status
2023-01-15 01:27:44,375 DEBUG   SenderThread:63363 [sender.py:send_request():317] send_request: stop_status
2023-01-15 01:27:59,581 DEBUG   HandlerThread:63363 [handler.py:handle_request():139] handle_request: stop_status
2023-01-15 01:27:59,581 DEBUG   SenderThread:63363 [sender.py:send_request():317] send_request: stop_status
2023-01-15 01:28:04,249 DEBUG   SenderThread:63363 [sender.py:send():303] send: stats
2023-01-15 01:28:14,759 DEBUG   HandlerThread:63363 [handler.py:handle_request():139] handle_request: stop_status
2023-01-15 01:28:14,760 DEBUG   SenderThread:63363 [sender.py:send_request():317] send_request: stop_status
2023-01-15 01:28:29,973 DEBUG   HandlerThread:63363 [handler.py:handle_request():139] handle_request: stop_status
2023-01-15 01:28:29,975 DEBUG   SenderThread:63363 [sender.py:send_request():317] send_request: stop_status
2023-01-15 01:28:34,253 DEBUG   SenderThread:63363 [sender.py:send():303] send: stats
2023-01-15 01:28:45,186 DEBUG   HandlerThread:63363 [handler.py:handle_request():139] handle_request: stop_status
2023-01-15 01:28:45,187 DEBUG   SenderThread:63363 [sender.py:send_request():317] send_request: stop_status
2023-01-15 01:29:00,414 DEBUG   HandlerThread:63363 [handler.py:handle_request():139] handle_request: stop_status
2023-01-15 01:29:00,415 DEBUG   SenderThread:63363 [sender.py:send_request():317] send_request: stop_status
2023-01-15 01:29:04,266 DEBUG   SenderThread:63363 [sender.py:send():303] send: stats
2023-01-15 01:29:15,618 DEBUG   HandlerThread:63363 [handler.py:handle_request():139] handle_request: stop_status
2023-01-15 01:29:15,620 DEBUG   SenderThread:63363 [sender.py:send_request():317] send_request: stop_status
2023-01-15 01:29:30,835 DEBUG   HandlerThread:63363 [handler.py:handle_request():139] handle_request: stop_status
2023-01-15 01:29:30,836 DEBUG   SenderThread:63363 [sender.py:send_request():317] send_request: stop_status
2023-01-15 01:29:34,272 DEBUG   SenderThread:63363 [sender.py:send():303] send: stats
2023-01-15 01:29:46,032 DEBUG   HandlerThread:63363 [handler.py:handle_request():139] handle_request: stop_status
2023-01-15 01:29:46,034 DEBUG   SenderThread:63363 [sender.py:send_request():317] send_request: stop_status
2023-01-15 01:30:01,239 DEBUG   HandlerThread:63363 [handler.py:handle_request():139] handle_request: stop_status
2023-01-15 01:30:01,242 DEBUG   SenderThread:63363 [sender.py:send_request():317] send_request: stop_status
2023-01-15 01:30:04,279 DEBUG   SenderThread:63363 [sender.py:send():303] send: stats
2023-01-15 01:30:16,443 DEBUG   HandlerThread:63363 [handler.py:handle_request():139] handle_request: stop_status
2023-01-15 01:30:16,444 DEBUG   SenderThread:63363 [sender.py:send_request():317] send_request: stop_status
2023-01-15 01:30:31,648 DEBUG   HandlerThread:63363 [handler.py:handle_request():139] handle_request: stop_status
2023-01-15 01:30:31,649 DEBUG   SenderThread:63363 [sender.py:send_request():317] send_request: stop_status
2023-01-15 01:30:34,283 DEBUG   SenderThread:63363 [sender.py:send():303] send: stats
2023-01-15 01:30:46,882 DEBUG   HandlerThread:63363 [handler.py:handle_request():139] handle_request: stop_status
2023-01-15 01:30:46,883 DEBUG   SenderThread:63363 [sender.py:send_request():317] send_request: stop_status
2023-01-15 01:31:02,084 DEBUG   HandlerThread:63363 [handler.py:handle_request():139] handle_request: stop_status
2023-01-15 01:31:02,084 DEBUG   SenderThread:63363 [sender.py:send_request():317] send_request: stop_status
2023-01-15 01:31:04,286 DEBUG   SenderThread:63363 [sender.py:send():303] send: stats
2023-01-15 01:31:17,269 DEBUG   HandlerThread:63363 [handler.py:handle_request():139] handle_request: stop_status
2023-01-15 01:31:17,270 DEBUG   SenderThread:63363 [sender.py:send_request():317] send_request: stop_status
2023-01-15 01:31:32,953 DEBUG   HandlerThread:63363 [handler.py:handle_request():139] handle_request: stop_status
2023-01-15 01:31:32,953 DEBUG   SenderThread:63363 [sender.py:send_request():317] send_request: stop_status
2023-01-15 01:31:34,295 DEBUG   SenderThread:63363 [sender.py:send():303] send: stats
2023-01-15 01:31:48,150 DEBUG   HandlerThread:63363 [handler.py:handle_request():139] handle_request: stop_status
2023-01-15 01:31:48,151 DEBUG   SenderThread:63363 [sender.py:send_request():317] send_request: stop_status
2023-01-15 01:32:03,350 DEBUG   HandlerThread:63363 [handler.py:handle_request():139] handle_request: stop_status
2023-01-15 01:32:03,350 DEBUG   SenderThread:63363 [sender.py:send_request():317] send_request: stop_status
2023-01-15 01:32:04,303 DEBUG   SenderThread:63363 [sender.py:send():303] send: stats
2023-01-15 01:32:18,532 DEBUG   HandlerThread:63363 [handler.py:handle_request():139] handle_request: stop_status
2023-01-15 01:32:18,534 DEBUG   SenderThread:63363 [sender.py:send_request():317] send_request: stop_status
2023-01-15 01:32:33,750 DEBUG   HandlerThread:63363 [handler.py:handle_request():139] handle_request: stop_status
2023-01-15 01:32:33,751 DEBUG   SenderThread:63363 [sender.py:send_request():317] send_request: stop_status
2023-01-15 01:32:34,308 DEBUG   SenderThread:63363 [sender.py:send():303] send: stats
2023-01-15 01:32:48,955 DEBUG   HandlerThread:63363 [handler.py:handle_request():139] handle_request: stop_status
2023-01-15 01:32:48,957 DEBUG   SenderThread:63363 [sender.py:send_request():317] send_request: stop_status
2023-01-15 01:33:04,188 DEBUG   HandlerThread:63363 [handler.py:handle_request():139] handle_request: stop_status
2023-01-15 01:33:04,189 DEBUG   SenderThread:63363 [sender.py:send_request():317] send_request: stop_status
2023-01-15 01:33:04,385 DEBUG   SenderThread:63363 [sender.py:send():303] send: stats
2023-01-15 01:33:19,404 DEBUG   HandlerThread:63363 [handler.py:handle_request():139] handle_request: stop_status
2023-01-15 01:33:19,405 DEBUG   SenderThread:63363 [sender.py:send_request():317] send_request: stop_status
2023-01-15 01:33:34,317 DEBUG   SenderThread:63363 [sender.py:send():303] send: stats
2023-01-15 01:33:34,618 DEBUG   HandlerThread:63363 [handler.py:handle_request():139] handle_request: stop_status
2023-01-15 01:33:34,619 DEBUG   SenderThread:63363 [sender.py:send_request():317] send_request: stop_status
2023-01-15 01:33:49,817 DEBUG   HandlerThread:63363 [handler.py:handle_request():139] handle_request: stop_status
2023-01-15 01:33:49,818 DEBUG   SenderThread:63363 [sender.py:send_request():317] send_request: stop_status
2023-01-15 01:34:04,320 DEBUG   SenderThread:63363 [sender.py:send():303] send: stats
2023-01-15 01:34:05,053 DEBUG   HandlerThread:63363 [handler.py:handle_request():139] handle_request: stop_status
2023-01-15 01:34:05,054 DEBUG   SenderThread:63363 [sender.py:send_request():317] send_request: stop_status
2023-01-15 01:34:20,252 DEBUG   HandlerThread:63363 [handler.py:handle_request():139] handle_request: stop_status
2023-01-15 01:34:20,253 DEBUG   SenderThread:63363 [sender.py:send_request():317] send_request: stop_status
2023-01-15 01:34:34,324 DEBUG   SenderThread:63363 [sender.py:send():303] send: stats
2023-01-15 01:34:35,452 DEBUG   HandlerThread:63363 [handler.py:handle_request():139] handle_request: stop_status
2023-01-15 01:34:35,453 DEBUG   SenderThread:63363 [sender.py:send_request():317] send_request: stop_status
2023-01-15 01:34:50,640 DEBUG   HandlerThread:63363 [handler.py:handle_request():139] handle_request: stop_status
2023-01-15 01:34:50,642 DEBUG   SenderThread:63363 [sender.py:send_request():317] send_request: stop_status
2023-01-15 01:35:04,328 DEBUG   SenderThread:63363 [sender.py:send():303] send: stats
2023-01-15 01:35:05,827 DEBUG   HandlerThread:63363 [handler.py:handle_request():139] handle_request: stop_status
2023-01-15 01:35:05,828 DEBUG   SenderThread:63363 [sender.py:send_request():317] send_request: stop_status
2023-01-15 01:35:21,025 DEBUG   HandlerThread:63363 [handler.py:handle_request():139] handle_request: stop_status
2023-01-15 01:35:21,026 DEBUG   SenderThread:63363 [sender.py:send_request():317] send_request: stop_status
2023-01-15 01:35:34,334 DEBUG   SenderThread:63363 [sender.py:send():303] send: stats
2023-01-15 01:35:36,222 DEBUG   HandlerThread:63363 [handler.py:handle_request():139] handle_request: stop_status
2023-01-15 01:35:36,223 DEBUG   SenderThread:63363 [sender.py:send_request():317] send_request: stop_status
2023-01-15 01:35:51,423 DEBUG   HandlerThread:63363 [handler.py:handle_request():139] handle_request: stop_status
2023-01-15 01:35:51,424 DEBUG   SenderThread:63363 [sender.py:send_request():317] send_request: stop_status
2023-01-15 01:36:04,343 DEBUG   SenderThread:63363 [sender.py:send():303] send: stats
2023-01-15 01:36:06,621 DEBUG   HandlerThread:63363 [handler.py:handle_request():139] handle_request: stop_status
2023-01-15 01:36:06,622 DEBUG   SenderThread:63363 [sender.py:send_request():317] send_request: stop_status
2023-01-15 01:36:21,840 DEBUG   HandlerThread:63363 [handler.py:handle_request():139] handle_request: stop_status
2023-01-15 01:36:21,841 DEBUG   SenderThread:63363 [sender.py:send_request():317] send_request: stop_status
2023-01-15 01:36:34,350 DEBUG   SenderThread:63363 [sender.py:send():303] send: stats
2023-01-15 01:36:37,042 DEBUG   HandlerThread:63363 [handler.py:handle_request():139] handle_request: stop_status
2023-01-15 01:36:37,043 DEBUG   SenderThread:63363 [sender.py:send_request():317] send_request: stop_status
2023-01-15 01:36:52,263 DEBUG   HandlerThread:63363 [handler.py:handle_request():139] handle_request: stop_status
2023-01-15 01:36:52,263 DEBUG   SenderThread:63363 [sender.py:send_request():317] send_request: stop_status
2023-01-15 01:37:04,356 DEBUG   SenderThread:63363 [sender.py:send():303] send: stats
2023-01-15 01:37:07,458 DEBUG   HandlerThread:63363 [handler.py:handle_request():139] handle_request: stop_status
2023-01-15 01:37:07,458 DEBUG   SenderThread:63363 [sender.py:send_request():317] send_request: stop_status
2023-01-15 01:37:22,648 DEBUG   HandlerThread:63363 [handler.py:handle_request():139] handle_request: stop_status
2023-01-15 01:37:22,650 DEBUG   SenderThread:63363 [sender.py:send_request():317] send_request: stop_status
2023-01-15 01:37:34,364 DEBUG   SenderThread:63363 [sender.py:send():303] send: stats
2023-01-15 01:37:37,855 DEBUG   HandlerThread:63363 [handler.py:handle_request():139] handle_request: stop_status
2023-01-15 01:37:37,856 DEBUG   SenderThread:63363 [sender.py:send_request():317] send_request: stop_status
2023-01-15 01:37:53,081 DEBUG   HandlerThread:63363 [handler.py:handle_request():139] handle_request: stop_status
2023-01-15 01:37:53,082 DEBUG   SenderThread:63363 [sender.py:send_request():317] send_request: stop_status
2023-01-15 01:38:04,368 DEBUG   SenderThread:63363 [sender.py:send():303] send: stats
2023-01-15 01:38:08,260 DEBUG   HandlerThread:63363 [handler.py:handle_request():139] handle_request: stop_status
2023-01-15 01:38:08,260 DEBUG   SenderThread:63363 [sender.py:send_request():317] send_request: stop_status
2023-01-15 01:38:23,439 DEBUG   HandlerThread:63363 [handler.py:handle_request():139] handle_request: stop_status
2023-01-15 01:38:23,440 DEBUG   SenderThread:63363 [sender.py:send_request():317] send_request: stop_status
2023-01-15 01:38:34,370 DEBUG   SenderThread:63363 [sender.py:send():303] send: stats
2023-01-15 01:38:38,639 DEBUG   HandlerThread:63363 [handler.py:handle_request():139] handle_request: stop_status
2023-01-15 01:38:38,640 DEBUG   SenderThread:63363 [sender.py:send_request():317] send_request: stop_status
2023-01-15 01:38:53,838 DEBUG   HandlerThread:63363 [handler.py:handle_request():139] handle_request: stop_status
2023-01-15 01:38:53,839 DEBUG   SenderThread:63363 [sender.py:send_request():317] send_request: stop_status
2023-01-15 01:39:04,374 DEBUG   SenderThread:63363 [sender.py:send():303] send: stats
2023-01-15 01:39:09,026 DEBUG   HandlerThread:63363 [handler.py:handle_request():139] handle_request: stop_status
2023-01-15 01:39:09,026 DEBUG   SenderThread:63363 [sender.py:send_request():317] send_request: stop_status
2023-01-15 01:39:24,241 DEBUG   HandlerThread:63363 [handler.py:handle_request():139] handle_request: stop_status
2023-01-15 01:39:24,245 DEBUG   SenderThread:63363 [sender.py:send_request():317] send_request: stop_status
2023-01-15 01:39:34,390 DEBUG   SenderThread:63363 [sender.py:send():303] send: stats
2023-01-15 01:39:39,425 DEBUG   HandlerThread:63363 [handler.py:handle_request():139] handle_request: stop_status
2023-01-15 01:39:39,427 DEBUG   SenderThread:63363 [sender.py:send_request():317] send_request: stop_status
2023-01-15 01:39:54,643 DEBUG   HandlerThread:63363 [handler.py:handle_request():139] handle_request: stop_status
2023-01-15 01:39:54,644 DEBUG   SenderThread:63363 [sender.py:send_request():317] send_request: stop_status
2023-01-15 01:40:04,390 DEBUG   SenderThread:63363 [sender.py:send():303] send: stats
2023-01-15 01:40:10,138 DEBUG   HandlerThread:63363 [handler.py:handle_request():139] handle_request: stop_status
2023-01-15 01:40:10,139 DEBUG   SenderThread:63363 [sender.py:send_request():317] send_request: stop_status
2023-01-15 01:40:25,366 DEBUG   HandlerThread:63363 [handler.py:handle_request():139] handle_request: stop_status
2023-01-15 01:40:25,366 DEBUG   SenderThread:63363 [sender.py:send_request():317] send_request: stop_status
2023-01-15 01:40:34,393 DEBUG   SenderThread:63363 [sender.py:send():303] send: stats
2023-01-15 01:40:40,545 DEBUG   HandlerThread:63363 [handler.py:handle_request():139] handle_request: stop_status
2023-01-15 01:40:40,546 DEBUG   SenderThread:63363 [sender.py:send_request():317] send_request: stop_status
2023-01-15 01:40:55,724 DEBUG   HandlerThread:63363 [handler.py:handle_request():139] handle_request: stop_status
2023-01-15 01:40:55,725 DEBUG   SenderThread:63363 [sender.py:send_request():317] send_request: stop_status
2023-01-15 01:41:04,398 DEBUG   SenderThread:63363 [sender.py:send():303] send: stats
2023-01-15 01:41:10,919 DEBUG   HandlerThread:63363 [handler.py:handle_request():139] handle_request: stop_status
2023-01-15 01:41:10,920 DEBUG   SenderThread:63363 [sender.py:send_request():317] send_request: stop_status
2023-01-15 01:41:26,115 DEBUG   HandlerThread:63363 [handler.py:handle_request():139] handle_request: stop_status
2023-01-15 01:41:26,115 DEBUG   SenderThread:63363 [sender.py:send_request():317] send_request: stop_status
2023-01-15 01:41:34,398 DEBUG   SenderThread:63363 [sender.py:send():303] send: stats
2023-01-15 01:41:41,385 DEBUG   HandlerThread:63363 [handler.py:handle_request():139] handle_request: stop_status
2023-01-15 01:41:41,386 DEBUG   SenderThread:63363 [sender.py:send_request():317] send_request: stop_status
2023-01-15 01:41:56,605 DEBUG   HandlerThread:63363 [handler.py:handle_request():139] handle_request: stop_status
2023-01-15 01:41:56,605 DEBUG   SenderThread:63363 [sender.py:send_request():317] send_request: stop_status
2023-01-15 01:42:04,402 DEBUG   SenderThread:63363 [sender.py:send():303] send: stats
2023-01-15 01:42:11,800 DEBUG   HandlerThread:63363 [handler.py:handle_request():139] handle_request: stop_status
2023-01-15 01:42:11,801 DEBUG   SenderThread:63363 [sender.py:send_request():317] send_request: stop_status
2023-01-15 01:42:26,995 DEBUG   HandlerThread:63363 [handler.py:handle_request():139] handle_request: stop_status
2023-01-15 01:42:26,996 DEBUG   SenderThread:63363 [sender.py:send_request():317] send_request: stop_status
2023-01-15 01:42:34,407 DEBUG   SenderThread:63363 [sender.py:send():303] send: stats
2023-01-15 01:42:42,193 DEBUG   HandlerThread:63363 [handler.py:handle_request():139] handle_request: stop_status
2023-01-15 01:42:42,194 DEBUG   SenderThread:63363 [sender.py:send_request():317] send_request: stop_status
2023-01-15 01:42:57,390 DEBUG   HandlerThread:63363 [handler.py:handle_request():139] handle_request: stop_status
2023-01-15 01:42:57,391 DEBUG   SenderThread:63363 [sender.py:send_request():317] send_request: stop_status
2023-01-15 01:43:04,412 DEBUG   SenderThread:63363 [sender.py:send():303] send: stats
2023-01-15 01:43:12,586 DEBUG   HandlerThread:63363 [handler.py:handle_request():139] handle_request: stop_status
2023-01-15 01:43:12,587 DEBUG   SenderThread:63363 [sender.py:send_request():317] send_request: stop_status
2023-01-15 01:43:27,788 DEBUG   HandlerThread:63363 [handler.py:handle_request():139] handle_request: stop_status
2023-01-15 01:43:27,789 DEBUG   SenderThread:63363 [sender.py:send_request():317] send_request: stop_status
2023-01-15 01:43:34,417 DEBUG   SenderThread:63363 [sender.py:send():303] send: stats
2023-01-15 01:43:42,980 DEBUG   HandlerThread:63363 [handler.py:handle_request():139] handle_request: stop_status
2023-01-15 01:43:42,981 DEBUG   SenderThread:63363 [sender.py:send_request():317] send_request: stop_status
2023-01-15 01:43:58,178 DEBUG   HandlerThread:63363 [handler.py:handle_request():139] handle_request: stop_status
2023-01-15 01:43:58,179 DEBUG   SenderThread:63363 [sender.py:send_request():317] send_request: stop_status
2023-01-15 01:44:04,421 DEBUG   SenderThread:63363 [sender.py:send():303] send: stats
2023-01-15 01:44:13,358 DEBUG   HandlerThread:63363 [handler.py:handle_request():139] handle_request: stop_status
2023-01-15 01:44:13,359 DEBUG   SenderThread:63363 [sender.py:send_request():317] send_request: stop_status
2023-01-15 01:44:28,565 DEBUG   HandlerThread:63363 [handler.py:handle_request():139] handle_request: stop_status
2023-01-15 01:44:28,567 DEBUG   SenderThread:63363 [sender.py:send_request():317] send_request: stop_status
2023-01-15 01:44:34,423 DEBUG   SenderThread:63363 [sender.py:send():303] send: stats
2023-01-15 01:44:43,763 DEBUG   HandlerThread:63363 [handler.py:handle_request():139] handle_request: stop_status
2023-01-15 01:44:43,764 DEBUG   SenderThread:63363 [sender.py:send_request():317] send_request: stop_status
2023-01-15 01:44:59,173 DEBUG   HandlerThread:63363 [handler.py:handle_request():139] handle_request: stop_status
2023-01-15 01:44:59,174 DEBUG   SenderThread:63363 [sender.py:send_request():317] send_request: stop_status
2023-01-15 01:45:04,427 DEBUG   SenderThread:63363 [sender.py:send():303] send: stats
2023-01-15 01:45:14,366 DEBUG   HandlerThread:63363 [handler.py:handle_request():139] handle_request: stop_status
2023-01-15 01:45:14,366 DEBUG   SenderThread:63363 [sender.py:send_request():317] send_request: stop_status
2023-01-15 01:45:29,569 DEBUG   HandlerThread:63363 [handler.py:handle_request():139] handle_request: stop_status
2023-01-15 01:45:29,570 DEBUG   SenderThread:63363 [sender.py:send_request():317] send_request: stop_status
2023-01-15 01:45:34,431 DEBUG   SenderThread:63363 [sender.py:send():303] send: stats
2023-01-15 01:45:44,788 DEBUG   HandlerThread:63363 [handler.py:handle_request():139] handle_request: stop_status
2023-01-15 01:45:44,789 DEBUG   SenderThread:63363 [sender.py:send_request():317] send_request: stop_status
2023-01-15 01:45:59,992 DEBUG   HandlerThread:63363 [handler.py:handle_request():139] handle_request: stop_status
2023-01-15 01:45:59,992 DEBUG   SenderThread:63363 [sender.py:send_request():317] send_request: stop_status
2023-01-15 01:46:04,435 DEBUG   SenderThread:63363 [sender.py:send():303] send: stats
2023-01-15 01:46:15,168 DEBUG   HandlerThread:63363 [handler.py:handle_request():139] handle_request: stop_status
2023-01-15 01:46:15,169 DEBUG   SenderThread:63363 [sender.py:send_request():317] send_request: stop_status
2023-01-15 01:46:30,378 DEBUG   HandlerThread:63363 [handler.py:handle_request():139] handle_request: stop_status
2023-01-15 01:46:30,378 DEBUG   SenderThread:63363 [sender.py:send_request():317] send_request: stop_status
2023-01-15 01:46:34,444 DEBUG   SenderThread:63363 [sender.py:send():303] send: stats
2023-01-15 01:46:45,573 DEBUG   HandlerThread:63363 [handler.py:handle_request():139] handle_request: stop_status
2023-01-15 01:46:45,574 DEBUG   SenderThread:63363 [sender.py:send_request():317] send_request: stop_status
2023-01-15 01:47:00,771 DEBUG   HandlerThread:63363 [handler.py:handle_request():139] handle_request: stop_status
2023-01-15 01:47:00,771 DEBUG   SenderThread:63363 [sender.py:send_request():317] send_request: stop_status
2023-01-15 01:47:04,448 DEBUG   SenderThread:63363 [sender.py:send():303] send: stats
2023-01-15 01:47:16,074 DEBUG   HandlerThread:63363 [handler.py:handle_request():139] handle_request: stop_status
2023-01-15 01:47:16,076 DEBUG   SenderThread:63363 [sender.py:send_request():317] send_request: stop_status
2023-01-15 01:47:31,281 DEBUG   HandlerThread:63363 [handler.py:handle_request():139] handle_request: stop_status
2023-01-15 01:47:31,281 DEBUG   SenderThread:63363 [sender.py:send_request():317] send_request: stop_status
2023-01-15 01:47:34,451 DEBUG   SenderThread:63363 [sender.py:send():303] send: stats
2023-01-15 01:47:46,471 DEBUG   HandlerThread:63363 [handler.py:handle_request():139] handle_request: stop_status
2023-01-15 01:47:46,472 DEBUG   SenderThread:63363 [sender.py:send_request():317] send_request: stop_status
2023-01-15 01:48:01,667 DEBUG   HandlerThread:63363 [handler.py:handle_request():139] handle_request: stop_status
2023-01-15 01:48:01,668 DEBUG   SenderThread:63363 [sender.py:send_request():317] send_request: stop_status
2023-01-15 01:48:04,454 DEBUG   SenderThread:63363 [sender.py:send():303] send: stats
2023-01-15 01:48:16,872 DEBUG   HandlerThread:63363 [handler.py:handle_request():139] handle_request: stop_status
2023-01-15 01:48:16,873 DEBUG   SenderThread:63363 [sender.py:send_request():317] send_request: stop_status
2023-01-15 01:48:32,086 DEBUG   HandlerThread:63363 [handler.py:handle_request():139] handle_request: stop_status
2023-01-15 01:48:32,087 DEBUG   SenderThread:63363 [sender.py:send_request():317] send_request: stop_status
2023-01-15 01:48:34,460 DEBUG   SenderThread:63363 [sender.py:send():303] send: stats
2023-01-15 01:48:47,288 DEBUG   HandlerThread:63363 [handler.py:handle_request():139] handle_request: stop_status
2023-01-15 01:48:47,289 DEBUG   SenderThread:63363 [sender.py:send_request():317] send_request: stop_status
2023-01-15 01:49:02,486 DEBUG   HandlerThread:63363 [handler.py:handle_request():139] handle_request: stop_status
2023-01-15 01:49:02,487 DEBUG   SenderThread:63363 [sender.py:send_request():317] send_request: stop_status
2023-01-15 01:49:04,461 DEBUG   SenderThread:63363 [sender.py:send():303] send: stats
2023-01-15 01:49:17,663 DEBUG   HandlerThread:63363 [handler.py:handle_request():139] handle_request: stop_status
2023-01-15 01:49:17,664 DEBUG   SenderThread:63363 [sender.py:send_request():317] send_request: stop_status
2023-01-15 01:49:32,856 DEBUG   HandlerThread:63363 [handler.py:handle_request():139] handle_request: stop_status
2023-01-15 01:49:32,857 DEBUG   SenderThread:63363 [sender.py:send_request():317] send_request: stop_status
2023-01-15 01:49:34,468 DEBUG   SenderThread:63363 [sender.py:send():303] send: stats
2023-01-15 01:49:48,067 DEBUG   HandlerThread:63363 [handler.py:handle_request():139] handle_request: stop_status
2023-01-15 01:49:48,069 DEBUG   SenderThread:63363 [sender.py:send_request():317] send_request: stop_status
2023-01-15 01:50:03,271 DEBUG   HandlerThread:63363 [handler.py:handle_request():139] handle_request: stop_status
2023-01-15 01:50:03,272 DEBUG   SenderThread:63363 [sender.py:send_request():317] send_request: stop_status
2023-01-15 01:50:04,470 DEBUG   SenderThread:63363 [sender.py:send():303] send: stats
2023-01-15 01:50:18,457 DEBUG   HandlerThread:63363 [handler.py:handle_request():139] handle_request: stop_status
2023-01-15 01:50:18,457 DEBUG   SenderThread:63363 [sender.py:send_request():317] send_request: stop_status
2023-01-15 01:50:33,655 DEBUG   HandlerThread:63363 [handler.py:handle_request():139] handle_request: stop_status
2023-01-15 01:50:33,656 DEBUG   SenderThread:63363 [sender.py:send_request():317] send_request: stop_status
2023-01-15 01:50:34,481 DEBUG   SenderThread:63363 [sender.py:send():303] send: stats
2023-01-15 01:50:48,862 DEBUG   HandlerThread:63363 [handler.py:handle_request():139] handle_request: stop_status
2023-01-15 01:50:48,862 DEBUG   SenderThread:63363 [sender.py:send_request():317] send_request: stop_status
2023-01-15 01:51:04,063 DEBUG   HandlerThread:63363 [handler.py:handle_request():139] handle_request: stop_status
2023-01-15 01:51:04,064 DEBUG   SenderThread:63363 [sender.py:send_request():317] send_request: stop_status
2023-01-15 01:51:04,487 DEBUG   SenderThread:63363 [sender.py:send():303] send: stats
2023-01-15 01:51:19,267 DEBUG   HandlerThread:63363 [handler.py:handle_request():139] handle_request: stop_status
2023-01-15 01:51:19,269 DEBUG   SenderThread:63363 [sender.py:send_request():317] send_request: stop_status
2023-01-15 01:51:34,477 DEBUG   HandlerThread:63363 [handler.py:handle_request():139] handle_request: stop_status
2023-01-15 01:51:34,478 DEBUG   SenderThread:63363 [sender.py:send_request():317] send_request: stop_status
2023-01-15 01:51:34,666 DEBUG   SenderThread:63363 [sender.py:send():303] send: stats
2023-01-15 01:51:49,678 DEBUG   HandlerThread:63363 [handler.py:handle_request():139] handle_request: stop_status
2023-01-15 01:51:49,679 DEBUG   SenderThread:63363 [sender.py:send_request():317] send_request: stop_status
2023-01-15 01:52:04,505 DEBUG   SenderThread:63363 [sender.py:send():303] send: stats
2023-01-15 01:52:04,871 DEBUG   HandlerThread:63363 [handler.py:handle_request():139] handle_request: stop_status
2023-01-15 01:52:04,872 DEBUG   SenderThread:63363 [sender.py:send_request():317] send_request: stop_status
2023-01-15 01:52:20,074 DEBUG   HandlerThread:63363 [handler.py:handle_request():139] handle_request: stop_status
2023-01-15 01:52:20,075 DEBUG   SenderThread:63363 [sender.py:send_request():317] send_request: stop_status
2023-01-15 01:52:34,511 DEBUG   SenderThread:63363 [sender.py:send():303] send: stats
2023-01-15 01:52:35,274 DEBUG   HandlerThread:63363 [handler.py:handle_request():139] handle_request: stop_status
2023-01-15 01:52:35,275 DEBUG   SenderThread:63363 [sender.py:send_request():317] send_request: stop_status
2023-01-15 01:52:50,483 DEBUG   HandlerThread:63363 [handler.py:handle_request():139] handle_request: stop_status
2023-01-15 01:52:50,484 DEBUG   SenderThread:63363 [sender.py:send_request():317] send_request: stop_status
2023-01-15 01:53:04,511 DEBUG   SenderThread:63363 [sender.py:send():303] send: stats
2023-01-15 01:53:05,691 DEBUG   HandlerThread:63363 [handler.py:handle_request():139] handle_request: stop_status
2023-01-15 01:53:05,692 DEBUG   SenderThread:63363 [sender.py:send_request():317] send_request: stop_status
2023-01-15 01:53:20,867 DEBUG   HandlerThread:63363 [handler.py:handle_request():139] handle_request: stop_status
2023-01-15 01:53:20,867 DEBUG   SenderThread:63363 [sender.py:send_request():317] send_request: stop_status
2023-01-15 01:53:34,519 DEBUG   SenderThread:63363 [sender.py:send():303] send: stats
2023-01-15 01:53:36,072 DEBUG   HandlerThread:63363 [handler.py:handle_request():139] handle_request: stop_status
2023-01-15 01:53:36,072 DEBUG   SenderThread:63363 [sender.py:send_request():317] send_request: stop_status
2023-01-15 01:53:51,290 DEBUG   HandlerThread:63363 [handler.py:handle_request():139] handle_request: stop_status
2023-01-15 01:53:51,291 DEBUG   SenderThread:63363 [sender.py:send_request():317] send_request: stop_status
2023-01-15 01:54:04,524 DEBUG   SenderThread:63363 [sender.py:send():303] send: stats
2023-01-15 01:54:06,502 DEBUG   HandlerThread:63363 [handler.py:handle_request():139] handle_request: stop_status
2023-01-15 01:54:06,503 DEBUG   SenderThread:63363 [sender.py:send_request():317] send_request: stop_status
2023-01-15 01:54:21,710 DEBUG   HandlerThread:63363 [handler.py:handle_request():139] handle_request: stop_status
2023-01-15 01:54:21,712 DEBUG   SenderThread:63363 [sender.py:send_request():317] send_request: stop_status
2023-01-15 01:54:34,528 DEBUG   SenderThread:63363 [sender.py:send():303] send: stats
2023-01-15 01:54:36,903 DEBUG   HandlerThread:63363 [handler.py:handle_request():139] handle_request: stop_status
2023-01-15 01:54:36,903 DEBUG   SenderThread:63363 [sender.py:send_request():317] send_request: stop_status
2023-01-15 01:54:52,097 DEBUG   HandlerThread:63363 [handler.py:handle_request():139] handle_request: stop_status
2023-01-15 01:54:52,098 DEBUG   SenderThread:63363 [sender.py:send_request():317] send_request: stop_status
2023-01-15 01:55:04,538 DEBUG   SenderThread:63363 [sender.py:send():303] send: stats
2023-01-15 01:55:07,304 DEBUG   HandlerThread:63363 [handler.py:handle_request():139] handle_request: stop_status
2023-01-15 01:55:07,305 DEBUG   SenderThread:63363 [sender.py:send_request():317] send_request: stop_status
2023-01-15 01:55:23,179 DEBUG   HandlerThread:63363 [handler.py:handle_request():139] handle_request: stop_status
2023-01-15 01:55:23,180 DEBUG   SenderThread:63363 [sender.py:send_request():317] send_request: stop_status
2023-01-15 01:55:34,545 DEBUG   SenderThread:63363 [sender.py:send():303] send: stats
2023-01-15 01:55:38,389 DEBUG   HandlerThread:63363 [handler.py:handle_request():139] handle_request: stop_status
2023-01-15 01:55:38,390 DEBUG   SenderThread:63363 [sender.py:send_request():317] send_request: stop_status
2023-01-15 01:55:53,604 DEBUG   HandlerThread:63363 [handler.py:handle_request():139] handle_request: stop_status
2023-01-15 01:55:53,604 DEBUG   SenderThread:63363 [sender.py:send_request():317] send_request: stop_status
2023-01-15 01:56:04,547 DEBUG   SenderThread:63363 [sender.py:send():303] send: stats
2023-01-15 01:56:08,793 DEBUG   HandlerThread:63363 [handler.py:handle_request():139] handle_request: stop_status
2023-01-15 01:56:08,794 DEBUG   SenderThread:63363 [sender.py:send_request():317] send_request: stop_status
2023-01-15 01:56:23,997 DEBUG   HandlerThread:63363 [handler.py:handle_request():139] handle_request: stop_status
2023-01-15 01:56:23,998 DEBUG   SenderThread:63363 [sender.py:send_request():317] send_request: stop_status
2023-01-15 01:56:34,553 DEBUG   SenderThread:63363 [sender.py:send():303] send: stats
2023-01-15 01:56:39,224 DEBUG   HandlerThread:63363 [handler.py:handle_request():139] handle_request: stop_status
2023-01-15 01:56:39,225 DEBUG   SenderThread:63363 [sender.py:send_request():317] send_request: stop_status
2023-01-15 01:56:54,417 DEBUG   HandlerThread:63363 [handler.py:handle_request():139] handle_request: stop_status
2023-01-15 01:56:54,417 DEBUG   SenderThread:63363 [sender.py:send_request():317] send_request: stop_status
2023-01-15 01:57:04,560 DEBUG   SenderThread:63363 [sender.py:send():303] send: stats
2023-01-15 01:57:09,596 DEBUG   HandlerThread:63363 [handler.py:handle_request():139] handle_request: stop_status
2023-01-15 01:57:09,597 DEBUG   SenderThread:63363 [sender.py:send_request():317] send_request: stop_status
2023-01-15 01:57:24,818 DEBUG   HandlerThread:63363 [handler.py:handle_request():139] handle_request: stop_status
2023-01-15 01:57:24,819 DEBUG   SenderThread:63363 [sender.py:send_request():317] send_request: stop_status
2023-01-15 01:57:34,567 DEBUG   SenderThread:63363 [sender.py:send():303] send: stats
2023-01-15 01:57:40,042 DEBUG   HandlerThread:63363 [handler.py:handle_request():139] handle_request: stop_status
2023-01-15 01:57:40,043 DEBUG   SenderThread:63363 [sender.py:send_request():317] send_request: stop_status
2023-01-15 01:57:55,263 DEBUG   HandlerThread:63363 [handler.py:handle_request():139] handle_request: stop_status
2023-01-15 01:57:55,264 DEBUG   SenderThread:63363 [sender.py:send_request():317] send_request: stop_status
2023-01-15 01:58:04,569 DEBUG   SenderThread:63363 [sender.py:send():303] send: stats
2023-01-15 01:58:10,467 DEBUG   HandlerThread:63363 [handler.py:handle_request():139] handle_request: stop_status
2023-01-15 01:58:10,468 DEBUG   SenderThread:63363 [sender.py:send_request():317] send_request: stop_status
2023-01-15 01:58:25,678 DEBUG   HandlerThread:63363 [handler.py:handle_request():139] handle_request: stop_status
2023-01-15 01:58:25,679 DEBUG   SenderThread:63363 [sender.py:send_request():317] send_request: stop_status
2023-01-15 01:58:34,575 DEBUG   SenderThread:63363 [sender.py:send():303] send: stats
2023-01-15 01:58:40,874 DEBUG   HandlerThread:63363 [handler.py:handle_request():139] handle_request: stop_status
2023-01-15 01:58:40,874 DEBUG   SenderThread:63363 [sender.py:send_request():317] send_request: stop_status
2023-01-15 01:58:56,070 DEBUG   HandlerThread:63363 [handler.py:handle_request():139] handle_request: stop_status
2023-01-15 01:58:56,071 DEBUG   SenderThread:63363 [sender.py:send_request():317] send_request: stop_status
2023-01-15 01:59:04,579 DEBUG   SenderThread:63363 [sender.py:send():303] send: stats
2023-01-15 01:59:11,263 DEBUG   HandlerThread:63363 [handler.py:handle_request():139] handle_request: stop_status
2023-01-15 01:59:11,264 DEBUG   SenderThread:63363 [sender.py:send_request():317] send_request: stop_status
2023-01-15 17:31:55,258 DEBUG   HandlerThread:63363 [handler.py:handle_request():139] handle_request: stop_status
2023-01-15 17:31:55,589 DEBUG   SenderThread:63363 [sender.py:send_request():317] send_request: stop_status
2023-01-15 17:32:01,107 ERROR   SenderThread:63363 [retry.py:__call__():154] Retry attempt failed:
Traceback (most recent call last):
  File "/Users/philippemartin/opt/miniconda3/envs/megan/lib/python3.6/site-packages/urllib3/connection.py", line 175, in _new_conn
    (self._dns_host, self.port), self.timeout, **extra_kw
  File "/Users/philippemartin/opt/miniconda3/envs/megan/lib/python3.6/site-packages/urllib3/util/connection.py", line 72, in create_connection
    for res in socket.getaddrinfo(host, port, family, socket.SOCK_STREAM):
  File "/Users/philippemartin/opt/miniconda3/envs/megan/lib/python3.6/socket.py", line 745, in getaddrinfo
    for res in _socket.getaddrinfo(host, port, family, type, proto, flags):
socket.gaierror: [Errno 8] nodename nor servname provided, or not known

During handling of the above exception, another exception occurred:

Traceback (most recent call last):
  File "/Users/philippemartin/opt/miniconda3/envs/megan/lib/python3.6/site-packages/urllib3/connectionpool.py", line 710, in urlopen
    chunked=chunked,
  File "/Users/philippemartin/opt/miniconda3/envs/megan/lib/python3.6/site-packages/urllib3/connectionpool.py", line 386, in _make_request
    self._validate_conn(conn)
  File "/Users/philippemartin/opt/miniconda3/envs/megan/lib/python3.6/site-packages/urllib3/connectionpool.py", line 1042, in _validate_conn
    conn.connect()
  File "/Users/philippemartin/opt/miniconda3/envs/megan/lib/python3.6/site-packages/urllib3/connection.py", line 358, in connect
    self.sock = conn = self._new_conn()
  File "/Users/philippemartin/opt/miniconda3/envs/megan/lib/python3.6/site-packages/urllib3/connection.py", line 187, in _new_conn
    self, "Failed to establish a new connection: %s" % e
urllib3.exceptions.NewConnectionError: <urllib3.connection.HTTPSConnection object at 0x7fd8f7fb0908>: Failed to establish a new connection: [Errno 8] nodename nor servname provided, or not known

During handling of the above exception, another exception occurred:

Traceback (most recent call last):
  File "/Users/philippemartin/opt/miniconda3/envs/megan/lib/python3.6/site-packages/requests/adapters.py", line 450, in send
    timeout=timeout
  File "/Users/philippemartin/opt/miniconda3/envs/megan/lib/python3.6/site-packages/urllib3/connectionpool.py", line 788, in urlopen
    method, url, error=e, _pool=self, _stacktrace=sys.exc_info()[2]
  File "/Users/philippemartin/opt/miniconda3/envs/megan/lib/python3.6/site-packages/urllib3/util/retry.py", line 592, in increment
    raise MaxRetryError(_pool, url, error or ResponseError(cause))
urllib3.exceptions.MaxRetryError: HTTPSConnectionPool(host='api.wandb.ai', port=443): Max retries exceeded with url: /graphql (Caused by NewConnectionError('<urllib3.connection.HTTPSConnection object at 0x7fd8f7fb0908>: Failed to establish a new connection: [Errno 8] nodename nor servname provided, or not known',))

During handling of the above exception, another exception occurred:

Traceback (most recent call last):
  File "/Users/philippemartin/opt/miniconda3/envs/megan/lib/python3.6/site-packages/wandb/sdk/lib/retry.py", line 113, in __call__
    result = self._call_fn(*args, **kwargs)
  File "/Users/philippemartin/opt/miniconda3/envs/megan/lib/python3.6/site-packages/wandb/sdk/internal/internal_api.py", line 209, in execute
    return self.client.execute(*args, **kwargs)  # type: ignore
  File "/Users/philippemartin/opt/miniconda3/envs/megan/lib/python3.6/site-packages/wandb/vendor/gql-0.2.0/wandb_gql/client.py", line 52, in execute
    result = self._get_result(document, *args, **kwargs)
  File "/Users/philippemartin/opt/miniconda3/envs/megan/lib/python3.6/site-packages/wandb/vendor/gql-0.2.0/wandb_gql/client.py", line 60, in _get_result
    return self.transport.execute(document, *args, **kwargs)
  File "/Users/philippemartin/opt/miniconda3/envs/megan/lib/python3.6/site-packages/wandb/vendor/gql-0.2.0/wandb_gql/transport/requests.py", line 38, in execute
    request = requests.post(self.url, **post_args)
  File "/Users/philippemartin/opt/miniconda3/envs/megan/lib/python3.6/site-packages/requests/api.py", line 117, in post
    return request('post', url, data=data, json=json, **kwargs)
  File "/Users/philippemartin/opt/miniconda3/envs/megan/lib/python3.6/site-packages/requests/api.py", line 61, in request
    return session.request(method=method, url=url, **kwargs)
  File "/Users/philippemartin/opt/miniconda3/envs/megan/lib/python3.6/site-packages/requests/sessions.py", line 529, in request
    resp = self.send(prep, **send_kwargs)
  File "/Users/philippemartin/opt/miniconda3/envs/megan/lib/python3.6/site-packages/requests/sessions.py", line 645, in send
    r = adapter.send(request, **kwargs)
  File "/Users/philippemartin/opt/miniconda3/envs/megan/lib/python3.6/site-packages/requests/adapters.py", line 519, in send
    raise ConnectionError(e, request=request)
requests.exceptions.ConnectionError: HTTPSConnectionPool(host='api.wandb.ai', port=443): Max retries exceeded with url: /graphql (Caused by NewConnectionError('<urllib3.connection.HTTPSConnection object at 0x7fd8f7fb0908>: Failed to establish a new connection: [Errno 8] nodename nor servname provided, or not known',))
2023-01-15 17:32:15,247 DEBUG   HandlerThread:63363 [handler.py:handle_request():139] handle_request: stop_status
2023-01-15 17:32:20,504 WARNING FileStreamThread:63363 [file_stream.py:request_with_retry():672] requests_with_retry encountered retryable exception: HTTPSConnectionPool(host='api.wandb.ai', port=443): Read timed out. (read timeout=None). func: <bound method Session.post of <requests.sessions.Session object at 0x7fd8f7b20518>>, args: ('https://api.wandb.ai/files/pmartin1/megan/trash000/file_stream',), kwargs: {'json': {'complete': False, 'failed': False, 'dropped': 0, 'uploaded': []}}
2023-01-15 17:32:22,542 WARNING FileStreamThread:63363 [file_stream.py:request_with_retry():672] requests_with_retry encountered retryable exception: HTTPSConnectionPool(host='api.wandb.ai', port=443): Max retries exceeded with url: /files/pmartin1/megan/trash000/file_stream (Caused by NewConnectionError('<urllib3.connection.HTTPSConnection object at 0x7fd8f7fa5be0>: Failed to establish a new connection: [Errno 8] nodename nor servname provided, or not known',)). func: <bound method Session.post of <requests.sessions.Session object at 0x7fd8f7b20518>>, args: ('https://api.wandb.ai/files/pmartin1/megan/trash000/file_stream',), kwargs: {'json': {'complete': False, 'failed': False, 'dropped': 0, 'uploaded': []}}
2023-01-15 17:32:27,368 WARNING FileStreamThread:63363 [file_stream.py:request_with_retry():672] requests_with_retry encountered retryable exception: HTTPSConnectionPool(host='api.wandb.ai', port=443): Max retries exceeded with url: /files/pmartin1/megan/trash000/file_stream (Caused by NewConnectionError('<urllib3.connection.HTTPSConnection object at 0x7fd8f7fa52e8>: Failed to establish a new connection: [Errno 8] nodename nor servname provided, or not known',)). func: <bound method Session.post of <requests.sessions.Session object at 0x7fd8f7b20518>>, args: ('https://api.wandb.ai/files/pmartin1/megan/trash000/file_stream',), kwargs: {'json': {'complete': False, 'failed': False, 'dropped': 0, 'uploaded': []}}
2023-01-15 17:32:35,253 DEBUG   HandlerThread:63363 [handler.py:handle_request():139] handle_request: stop_status
2023-01-15 17:32:35,440 WARNING FileStreamThread:63363 [file_stream.py:request_with_retry():672] requests_with_retry encountered retryable exception: HTTPSConnectionPool(host='api.wandb.ai', port=443): Max retries exceeded with url: /files/pmartin1/megan/trash000/file_stream (Caused by NewConnectionError('<urllib3.connection.HTTPSConnection object at 0x7fd8f7fa5f60>: Failed to establish a new connection: [Errno 8] nodename nor servname provided, or not known',)). func: <bound method Session.post of <requests.sessions.Session object at 0x7fd8f7b20518>>, args: ('https://api.wandb.ai/files/pmartin1/megan/trash000/file_stream',), kwargs: {'json': {'complete': False, 'failed': False, 'dropped': 0, 'uploaded': []}}
2023-01-15 17:32:52,012 WARNING FileStreamThread:63363 [file_stream.py:request_with_retry():672] requests_with_retry encountered retryable exception: HTTPSConnectionPool(host='api.wandb.ai', port=443): Max retries exceeded with url: /files/pmartin1/megan/trash000/file_stream (Caused by NewConnectionError('<urllib3.connection.HTTPSConnection object at 0x7fd8f7fa5320>: Failed to establish a new connection: [Errno 8] nodename nor servname provided, or not known',)). func: <bound method Session.post of <requests.sessions.Session object at 0x7fd8f7b20518>>, args: ('https://api.wandb.ai/files/pmartin1/megan/trash000/file_stream',), kwargs: {'json': {'complete': False, 'failed': False, 'dropped': 0, 'uploaded': []}}
2023-01-15 17:32:55,284 DEBUG   HandlerThread:63363 [handler.py:handle_request():139] handle_request: stop_status
2023-01-15 17:33:15,288 DEBUG   HandlerThread:63363 [handler.py:handle_request():139] handle_request: stop_status
2023-01-15 17:33:25,157 WARNING FileStreamThread:63363 [file_stream.py:request_with_retry():672] requests_with_retry encountered retryable exception: HTTPSConnectionPool(host='api.wandb.ai', port=443): Max retries exceeded with url: /files/pmartin1/megan/trash000/file_stream (Caused by NewConnectionError('<urllib3.connection.HTTPSConnection object at 0x7fd8f7fa5cc0>: Failed to establish a new connection: [Errno 8] nodename nor servname provided, or not known',)). func: <bound method Session.post of <requests.sessions.Session object at 0x7fd8f7b20518>>, args: ('https://api.wandb.ai/files/pmartin1/megan/trash000/file_stream',), kwargs: {'json': {'complete': False, 'failed': False, 'dropped': 0, 'uploaded': []}}
2023-01-15 17:33:35,294 DEBUG   HandlerThread:63363 [handler.py:handle_request():139] handle_request: stop_status
2023-01-15 17:33:55,103 DEBUG   HandlerThread:63363 [handler.py:handle_request():139] handle_request: stop_status
2023-01-15 17:34:15,105 DEBUG   HandlerThread:63363 [handler.py:handle_request():139] handle_request: stop_status
2023-01-15 17:34:22,349 DEBUG   SenderThread:63363 [sender.py:send():303] send: stats
2023-01-15 17:34:22,351 DEBUG   SenderThread:63363 [sender.py:send_request():317] send_request: stop_status
2023-01-15 17:34:22,630 DEBUG   SenderThread:63363 [sender.py:send():303] send: stats
2023-01-15 17:34:22,631 DEBUG   SenderThread:63363 [sender.py:send_request():317] send_request: stop_status
2023-01-15 17:34:22,909 DEBUG   SenderThread:63363 [sender.py:send():303] send: stats
2023-01-15 17:34:22,911 DEBUG   SenderThread:63363 [sender.py:send_request():317] send_request: stop_status
2023-01-15 17:34:23,217 DEBUG   SenderThread:63363 [sender.py:send_request():317] send_request: stop_status
2023-01-15 17:34:23,505 DEBUG   SenderThread:63363 [sender.py:send():303] send: stats
2023-01-15 17:34:23,506 DEBUG   SenderThread:63363 [sender.py:send_request():317] send_request: stop_status
2023-01-15 17:34:23,776 DEBUG   SenderThread:63363 [sender.py:send_request():317] send_request: stop_status
2023-01-15 17:34:24,054 DEBUG   SenderThread:63363 [sender.py:send():303] send: stats
2023-01-15 17:34:24,055 DEBUG   SenderThread:63363 [sender.py:send_request():317] send_request: stop_status
2023-01-15 17:34:25,285 DEBUG   SenderThread:63363 [sender.py:send():303] send: stats
2023-01-15 17:34:35,112 DEBUG   HandlerThread:63363 [handler.py:handle_request():139] handle_request: stop_status
2023-01-15 17:34:35,114 DEBUG   SenderThread:63363 [sender.py:send_request():317] send_request: stop_status
2023-01-15 17:34:50,443 DEBUG   HandlerThread:63363 [handler.py:handle_request():139] handle_request: stop_status
2023-01-15 17:34:50,444 DEBUG   SenderThread:63363 [sender.py:send_request():317] send_request: stop_status
2023-01-15 17:34:55,289 DEBUG   SenderThread:63363 [sender.py:send():303] send: stats
2023-01-15 17:35:05,835 DEBUG   HandlerThread:63363 [handler.py:handle_request():139] handle_request: stop_status
2023-01-15 17:35:05,837 DEBUG   SenderThread:63363 [sender.py:send_request():317] send_request: stop_status
2023-01-15 17:35:21,220 DEBUG   HandlerThread:63363 [handler.py:handle_request():139] handle_request: stop_status
2023-01-15 17:35:21,221 DEBUG   SenderThread:63363 [sender.py:send_request():317] send_request: stop_status
2023-01-15 17:35:25,290 DEBUG   SenderThread:63363 [sender.py:send():303] send: stats
2023-01-15 17:35:36,556 DEBUG   HandlerThread:63363 [handler.py:handle_request():139] handle_request: stop_status
2023-01-15 17:35:36,558 DEBUG   SenderThread:63363 [sender.py:send_request():317] send_request: stop_status
2023-01-15 17:35:55,260 DEBUG   HandlerThread:63363 [handler.py:handle_request():139] handle_request: stop_status
2023-01-15 17:35:55,261 DEBUG   SenderThread:63363 [sender.py:send_request():317] send_request: stop_status
2023-01-15 17:35:55,630 DEBUG   SenderThread:63363 [sender.py:send():303] send: stats
2023-01-15 17:36:10,642 DEBUG   HandlerThread:63363 [handler.py:handle_request():139] handle_request: stop_status
2023-01-15 17:36:10,643 DEBUG   SenderThread:63363 [sender.py:send_request():317] send_request: stop_status
2023-01-15 17:36:25,299 DEBUG   SenderThread:63363 [sender.py:send():303] send: stats
2023-01-15 17:36:25,955 DEBUG   HandlerThread:63363 [handler.py:handle_request():139] handle_request: stop_status
2023-01-15 17:36:25,957 DEBUG   SenderThread:63363 [sender.py:send_request():317] send_request: stop_status
2023-01-15 17:36:41,315 DEBUG   HandlerThread:63363 [handler.py:handle_request():139] handle_request: stop_status
2023-01-15 17:36:41,316 DEBUG   SenderThread:63363 [sender.py:send_request():317] send_request: stop_status
2023-01-15 17:36:55,302 DEBUG   SenderThread:63363 [sender.py:send():303] send: stats
2023-01-15 17:36:56,681 DEBUG   HandlerThread:63363 [handler.py:handle_request():139] handle_request: stop_status
2023-01-15 17:36:56,682 DEBUG   SenderThread:63363 [sender.py:send_request():317] send_request: stop_status
2023-01-15 17:37:12,002 DEBUG   HandlerThread:63363 [handler.py:handle_request():139] handle_request: stop_status
2023-01-15 17:37:12,004 DEBUG   SenderThread:63363 [sender.py:send_request():317] send_request: stop_status
2023-01-15 17:37:25,308 DEBUG   SenderThread:63363 [sender.py:send():303] send: stats
2023-01-15 17:37:27,356 DEBUG   HandlerThread:63363 [handler.py:handle_request():139] handle_request: stop_status
2023-01-15 17:37:27,357 DEBUG   SenderThread:63363 [sender.py:send_request():317] send_request: stop_status
2023-01-15 17:37:42,674 DEBUG   HandlerThread:63363 [handler.py:handle_request():139] handle_request: stop_status
2023-01-15 17:37:42,675 DEBUG   SenderThread:63363 [sender.py:send_request():317] send_request: stop_status
2023-01-15 17:37:55,313 DEBUG   SenderThread:63363 [sender.py:send():303] send: stats
2023-01-15 17:37:58,013 DEBUG   HandlerThread:63363 [handler.py:handle_request():139] handle_request: stop_status
2023-01-15 17:37:58,014 DEBUG   SenderThread:63363 [sender.py:send_request():317] send_request: stop_status
2023-01-15 17:38:13,326 DEBUG   HandlerThread:63363 [handler.py:handle_request():139] handle_request: stop_status
2023-01-15 17:38:13,327 DEBUG   SenderThread:63363 [sender.py:send_request():317] send_request: stop_status
2023-01-15 17:38:25,318 DEBUG   SenderThread:63363 [sender.py:send():303] send: stats
2023-01-15 17:38:28,673 DEBUG   HandlerThread:63363 [handler.py:handle_request():139] handle_request: stop_status
2023-01-15 17:38:28,674 DEBUG   SenderThread:63363 [sender.py:send_request():317] send_request: stop_status
2023-01-15 17:38:44,065 DEBUG   HandlerThread:63363 [handler.py:handle_request():139] handle_request: stop_status
2023-01-15 17:38:44,066 DEBUG   SenderThread:63363 [sender.py:send_request():317] send_request: stop_status
2023-01-15 17:38:55,328 DEBUG   SenderThread:63363 [sender.py:send():303] send: stats
2023-01-15 17:38:59,340 DEBUG   HandlerThread:63363 [handler.py:handle_request():139] handle_request: stop_status
2023-01-15 17:38:59,341 DEBUG   SenderThread:63363 [sender.py:send_request():317] send_request: stop_status
2023-01-15 17:39:14,725 DEBUG   HandlerThread:63363 [handler.py:handle_request():139] handle_request: stop_status
2023-01-15 17:39:14,726 DEBUG   SenderThread:63363 [sender.py:send_request():317] send_request: stop_status
2023-01-15 17:39:25,328 DEBUG   SenderThread:63363 [sender.py:send():303] send: stats
2023-01-15 17:39:30,031 DEBUG   HandlerThread:63363 [handler.py:handle_request():139] handle_request: stop_status
2023-01-15 17:39:30,032 DEBUG   SenderThread:63363 [sender.py:send_request():317] send_request: stop_status
2023-01-15 17:39:45,340 DEBUG   HandlerThread:63363 [handler.py:handle_request():139] handle_request: stop_status
2023-01-15 17:39:45,341 DEBUG   SenderThread:63363 [sender.py:send_request():317] send_request: stop_status
2023-01-15 17:39:55,336 DEBUG   SenderThread:63363 [sender.py:send():303] send: stats
2023-01-15 17:40:01,097 DEBUG   HandlerThread:63363 [handler.py:handle_request():139] handle_request: stop_status
2023-01-15 17:40:01,098 DEBUG   SenderThread:63363 [sender.py:send_request():317] send_request: stop_status
2023-01-15 17:40:16,430 DEBUG   HandlerThread:63363 [handler.py:handle_request():139] handle_request: stop_status
2023-01-15 17:40:16,431 DEBUG   SenderThread:63363 [sender.py:send_request():317] send_request: stop_status
2023-01-15 17:40:25,339 DEBUG   SenderThread:63363 [sender.py:send():303] send: stats
2023-01-15 17:40:31,784 DEBUG   HandlerThread:63363 [handler.py:handle_request():139] handle_request: stop_status
2023-01-15 17:40:31,785 DEBUG   SenderThread:63363 [sender.py:send_request():317] send_request: stop_status
2023-01-15 17:40:47,136 DEBUG   HandlerThread:63363 [handler.py:handle_request():139] handle_request: stop_status
2023-01-15 17:40:47,137 DEBUG   SenderThread:63363 [sender.py:send_request():317] send_request: stop_status
2023-01-15 17:40:55,343 DEBUG   SenderThread:63363 [sender.py:send():303] send: stats
2023-01-15 17:41:02,436 DEBUG   HandlerThread:63363 [handler.py:handle_request():139] handle_request: stop_status
2023-01-15 17:41:02,443 DEBUG   SenderThread:63363 [sender.py:send_request():317] send_request: stop_status
2023-01-15 17:41:17,742 DEBUG   HandlerThread:63363 [handler.py:handle_request():139] handle_request: stop_status
2023-01-15 17:41:17,743 DEBUG   SenderThread:63363 [sender.py:send_request():317] send_request: stop_status
2023-01-15 17:41:25,345 DEBUG   SenderThread:63363 [sender.py:send():303] send: stats
2023-01-15 17:41:33,102 DEBUG   HandlerThread:63363 [handler.py:handle_request():139] handle_request: stop_status
2023-01-15 17:41:33,102 DEBUG   SenderThread:63363 [sender.py:send_request():317] send_request: stop_status
2023-01-15 17:41:48,390 DEBUG   HandlerThread:63363 [handler.py:handle_request():139] handle_request: stop_status
2023-01-15 17:41:48,391 DEBUG   SenderThread:63363 [sender.py:send_request():317] send_request: stop_status
2023-01-15 17:41:55,347 DEBUG   SenderThread:63363 [sender.py:send():303] send: stats
2023-01-15 17:42:03,697 DEBUG   HandlerThread:63363 [handler.py:handle_request():139] handle_request: stop_status
2023-01-15 17:42:03,698 DEBUG   SenderThread:63363 [sender.py:send_request():317] send_request: stop_status
2023-01-15 17:42:18,988 DEBUG   HandlerThread:63363 [handler.py:handle_request():139] handle_request: stop_status
2023-01-15 17:42:18,989 DEBUG   SenderThread:63363 [sender.py:send_request():317] send_request: stop_status
2023-01-15 17:42:25,349 DEBUG   SenderThread:63363 [sender.py:send():303] send: stats
2023-01-15 17:42:34,387 DEBUG   HandlerThread:63363 [handler.py:handle_request():139] handle_request: stop_status
2023-01-15 17:42:34,388 DEBUG   SenderThread:63363 [sender.py:send_request():317] send_request: stop_status
2023-01-15 17:42:49,798 DEBUG   HandlerThread:63363 [handler.py:handle_request():139] handle_request: stop_status
2023-01-15 17:42:49,799 DEBUG   SenderThread:63363 [sender.py:send_request():317] send_request: stop_status
2023-01-15 17:42:55,352 DEBUG   SenderThread:63363 [sender.py:send():303] send: stats
2023-01-15 17:43:05,107 DEBUG   HandlerThread:63363 [handler.py:handle_request():139] handle_request: stop_status
2023-01-15 17:43:05,107 DEBUG   SenderThread:63363 [sender.py:send_request():317] send_request: stop_status
2023-01-15 17:43:20,383 DEBUG   HandlerThread:63363 [handler.py:handle_request():139] handle_request: stop_status
2023-01-15 17:43:20,384 DEBUG   SenderThread:63363 [sender.py:send_request():317] send_request: stop_status
2023-01-15 17:43:25,360 DEBUG   SenderThread:63363 [sender.py:send():303] send: stats
2023-01-15 17:43:35,706 DEBUG   HandlerThread:63363 [handler.py:handle_request():139] handle_request: stop_status
2023-01-15 17:43:35,707 DEBUG   SenderThread:63363 [sender.py:send_request():317] send_request: stop_status
2023-01-15 17:43:55,150 DEBUG   HandlerThread:63363 [handler.py:handle_request():139] handle_request: stop_status
2023-01-15 17:43:55,151 DEBUG   SenderThread:63363 [sender.py:send_request():317] send_request: stop_status
2023-01-15 17:43:55,461 DEBUG   SenderThread:63363 [sender.py:send():303] send: stats
2023-01-15 17:44:10,469 DEBUG   HandlerThread:63363 [handler.py:handle_request():139] handle_request: stop_status
2023-01-15 17:44:10,471 DEBUG   SenderThread:63363 [sender.py:send_request():317] send_request: stop_status
2023-01-15 17:44:25,368 DEBUG   SenderThread:63363 [sender.py:send():303] send: stats
2023-01-15 17:44:25,783 DEBUG   HandlerThread:63363 [handler.py:handle_request():139] handle_request: stop_status
2023-01-15 17:44:25,783 DEBUG   SenderThread:63363 [sender.py:send_request():317] send_request: stop_status
2023-01-15 17:44:41,050 DEBUG   HandlerThread:63363 [handler.py:handle_request():139] handle_request: stop_status
2023-01-15 17:44:41,050 DEBUG   SenderThread:63363 [sender.py:send_request():317] send_request: stop_status
2023-01-15 17:44:55,372 DEBUG   SenderThread:63363 [sender.py:send():303] send: stats
2023-01-15 17:44:56,471 DEBUG   HandlerThread:63363 [handler.py:handle_request():139] handle_request: stop_status
2023-01-15 17:44:56,472 DEBUG   SenderThread:63363 [sender.py:send_request():317] send_request: stop_status
2023-01-15 17:45:11,772 DEBUG   HandlerThread:63363 [handler.py:handle_request():139] handle_request: stop_status
2023-01-15 17:45:11,773 DEBUG   SenderThread:63363 [sender.py:send_request():317] send_request: stop_status
2023-01-15 17:45:25,377 DEBUG   SenderThread:63363 [sender.py:send():303] send: stats
2023-01-15 17:45:27,105 DEBUG   HandlerThread:63363 [handler.py:handle_request():139] handle_request: stop_status
2023-01-15 17:45:27,123 DEBUG   SenderThread:63363 [sender.py:send_request():317] send_request: stop_status
2023-01-15 17:45:42,530 DEBUG   HandlerThread:63363 [handler.py:handle_request():139] handle_request: stop_status
2023-01-15 17:45:42,531 DEBUG   SenderThread:63363 [sender.py:send_request():317] send_request: stop_status
2023-01-15 17:45:55,379 DEBUG   SenderThread:63363 [sender.py:send():303] send: stats
2023-01-15 17:45:57,835 DEBUG   HandlerThread:63363 [handler.py:handle_request():139] handle_request: stop_status
2023-01-15 17:45:57,836 DEBUG   SenderThread:63363 [sender.py:send_request():317] send_request: stop_status
2023-01-15 17:46:13,190 DEBUG   HandlerThread:63363 [handler.py:handle_request():139] handle_request: stop_status
2023-01-15 17:46:13,192 DEBUG   SenderThread:63363 [sender.py:send_request():317] send_request: stop_status
2023-01-15 17:46:25,381 DEBUG   SenderThread:63363 [sender.py:send():303] send: stats
2023-01-15 17:46:28,591 DEBUG   HandlerThread:63363 [handler.py:handle_request():139] handle_request: stop_status
2023-01-15 17:46:28,592 DEBUG   SenderThread:63363 [sender.py:send_request():317] send_request: stop_status
2023-01-15 17:46:43,956 DEBUG   HandlerThread:63363 [handler.py:handle_request():139] handle_request: stop_status
2023-01-15 17:46:43,958 DEBUG   SenderThread:63363 [sender.py:send_request():317] send_request: stop_status
2023-01-15 17:46:55,386 DEBUG   SenderThread:63363 [sender.py:send():303] send: stats
2023-01-15 17:46:59,351 DEBUG   HandlerThread:63363 [handler.py:handle_request():139] handle_request: stop_status
2023-01-15 17:46:59,352 DEBUG   SenderThread:63363 [sender.py:send_request():317] send_request: stop_status
2023-01-15 17:47:14,694 DEBUG   HandlerThread:63363 [handler.py:handle_request():139] handle_request: stop_status
2023-01-15 17:47:14,695 DEBUG   SenderThread:63363 [sender.py:send_request():317] send_request: stop_status
2023-01-15 17:47:25,389 DEBUG   SenderThread:63363 [sender.py:send():303] send: stats
2023-01-15 17:47:30,065 DEBUG   HandlerThread:63363 [handler.py:handle_request():139] handle_request: stop_status
2023-01-15 17:47:30,083 DEBUG   SenderThread:63363 [sender.py:send_request():317] send_request: stop_status
2023-01-15 17:47:45,438 DEBUG   HandlerThread:63363 [handler.py:handle_request():139] handle_request: stop_status
2023-01-15 17:47:45,439 DEBUG   SenderThread:63363 [sender.py:send_request():317] send_request: stop_status
2023-01-15 17:47:55,393 DEBUG   SenderThread:63363 [sender.py:send():303] send: stats
2023-01-15 17:48:00,826 DEBUG   HandlerThread:63363 [handler.py:handle_request():139] handle_request: stop_status
2023-01-15 17:48:00,827 DEBUG   SenderThread:63363 [sender.py:send_request():317] send_request: stop_status
2023-01-15 17:48:16,154 DEBUG   HandlerThread:63363 [handler.py:handle_request():139] handle_request: stop_status
2023-01-15 17:48:16,155 DEBUG   SenderThread:63363 [sender.py:send_request():317] send_request: stop_status
2023-01-15 17:48:25,398 DEBUG   SenderThread:63363 [sender.py:send():303] send: stats
2023-01-15 17:48:31,565 DEBUG   HandlerThread:63363 [handler.py:handle_request():139] handle_request: stop_status
2023-01-15 17:48:31,566 DEBUG   SenderThread:63363 [sender.py:send_request():317] send_request: stop_status
2023-01-15 17:48:47,038 DEBUG   HandlerThread:63363 [handler.py:handle_request():139] handle_request: stop_status
2023-01-15 17:48:47,040 DEBUG   SenderThread:63363 [sender.py:send_request():317] send_request: stop_status
2023-01-15 17:48:55,399 DEBUG   SenderThread:63363 [sender.py:send():303] send: stats
2023-01-15 17:49:02,395 DEBUG   HandlerThread:63363 [handler.py:handle_request():139] handle_request: stop_status
2023-01-15 17:49:02,396 DEBUG   SenderThread:63363 [sender.py:send_request():317] send_request: stop_status
2023-01-15 17:49:17,970 DEBUG   HandlerThread:63363 [handler.py:handle_request():139] handle_request: stop_status
2023-01-15 17:49:17,971 DEBUG   SenderThread:63363 [sender.py:send_request():317] send_request: stop_status
2023-01-15 17:49:25,404 DEBUG   SenderThread:63363 [sender.py:send():303] send: stats
2023-01-15 17:49:33,332 DEBUG   HandlerThread:63363 [handler.py:handle_request():139] handle_request: stop_status
2023-01-15 17:49:33,332 DEBUG   SenderThread:63363 [sender.py:send_request():317] send_request: stop_status
2023-01-15 17:49:48,688 DEBUG   HandlerThread:63363 [handler.py:handle_request():139] handle_request: stop_status
2023-01-15 17:49:48,689 DEBUG   SenderThread:63363 [sender.py:send_request():317] send_request: stop_status
2023-01-15 17:49:55,410 DEBUG   SenderThread:63363 [sender.py:send():303] send: stats
2023-01-15 17:50:04,084 DEBUG   HandlerThread:63363 [handler.py:handle_request():139] handle_request: stop_status
2023-01-15 17:50:04,084 DEBUG   SenderThread:63363 [sender.py:send_request():317] send_request: stop_status
2023-01-15 17:50:19,569 DEBUG   HandlerThread:63363 [handler.py:handle_request():139] handle_request: stop_status
2023-01-15 17:50:19,570 DEBUG   SenderThread:63363 [sender.py:send_request():317] send_request: stop_status
2023-01-15 17:50:25,418 DEBUG   SenderThread:63363 [sender.py:send():303] send: stats
2023-01-15 17:50:34,977 DEBUG   HandlerThread:63363 [handler.py:handle_request():139] handle_request: stop_status
2023-01-15 17:50:34,977 DEBUG   SenderThread:63363 [sender.py:send_request():317] send_request: stop_status
2023-01-15 17:50:50,327 DEBUG   HandlerThread:63363 [handler.py:handle_request():139] handle_request: stop_status
2023-01-15 17:50:50,328 DEBUG   SenderThread:63363 [sender.py:send_request():317] send_request: stop_status
2023-01-15 17:50:55,425 DEBUG   SenderThread:63363 [sender.py:send():303] send: stats
2023-01-15 17:51:05,696 DEBUG   HandlerThread:63363 [handler.py:handle_request():139] handle_request: stop_status
2023-01-15 17:51:05,697 DEBUG   SenderThread:63363 [sender.py:send_request():317] send_request: stop_status
2023-01-15 17:51:21,045 DEBUG   HandlerThread:63363 [handler.py:handle_request():139] handle_request: stop_status
2023-01-15 17:51:21,046 DEBUG   SenderThread:63363 [sender.py:send_request():317] send_request: stop_status
2023-01-15 17:51:25,429 DEBUG   SenderThread:63363 [sender.py:send():303] send: stats
2023-01-15 17:51:36,374 DEBUG   HandlerThread:63363 [handler.py:handle_request():139] handle_request: stop_status
2023-01-15 17:51:36,376 DEBUG   SenderThread:63363 [sender.py:send_request():317] send_request: stop_status
2023-01-15 17:51:51,804 DEBUG   HandlerThread:63363 [handler.py:handle_request():139] handle_request: stop_status
2023-01-15 17:51:51,805 DEBUG   SenderThread:63363 [sender.py:send_request():317] send_request: stop_status
2023-01-15 17:51:55,434 DEBUG   SenderThread:63363 [sender.py:send():303] send: stats
2023-01-15 17:52:07,112 DEBUG   HandlerThread:63363 [handler.py:handle_request():139] handle_request: stop_status
2023-01-15 17:52:07,112 DEBUG   SenderThread:63363 [sender.py:send_request():317] send_request: stop_status
2023-01-15 17:52:22,453 DEBUG   HandlerThread:63363 [handler.py:handle_request():139] handle_request: stop_status
2023-01-15 17:52:22,454 DEBUG   SenderThread:63363 [sender.py:send_request():317] send_request: stop_status
2023-01-15 17:52:25,440 DEBUG   SenderThread:63363 [sender.py:send():303] send: stats
2023-01-15 17:52:37,815 DEBUG   HandlerThread:63363 [handler.py:handle_request():139] handle_request: stop_status
2023-01-15 17:52:37,816 DEBUG   SenderThread:63363 [sender.py:send_request():317] send_request: stop_status
2023-01-15 17:52:53,683 DEBUG   HandlerThread:63363 [handler.py:handle_request():139] handle_request: stop_status
2023-01-15 17:52:53,684 DEBUG   SenderThread:63363 [sender.py:send_request():317] send_request: stop_status
2023-01-15 17:52:55,445 DEBUG   SenderThread:63363 [sender.py:send():303] send: stats
2023-01-15 17:53:09,059 DEBUG   HandlerThread:63363 [handler.py:handle_request():139] handle_request: stop_status
2023-01-15 17:53:09,061 DEBUG   SenderThread:63363 [sender.py:send_request():317] send_request: stop_status
2023-01-15 17:53:24,457 DEBUG   HandlerThread:63363 [handler.py:handle_request():139] handle_request: stop_status
2023-01-15 17:53:24,458 DEBUG   SenderThread:63363 [sender.py:send_request():317] send_request: stop_status
2023-01-15 17:53:25,451 DEBUG   SenderThread:63363 [sender.py:send():303] send: stats
2023-01-15 17:53:39,816 DEBUG   HandlerThread:63363 [handler.py:handle_request():139] handle_request: stop_status
2023-01-15 17:53:39,817 DEBUG   SenderThread:63363 [sender.py:send_request():317] send_request: stop_status
2023-01-15 17:53:55,178 DEBUG   HandlerThread:63363 [handler.py:handle_request():139] handle_request: stop_status
2023-01-15 17:53:55,179 DEBUG   SenderThread:63363 [sender.py:send_request():317] send_request: stop_status
2023-01-15 17:53:55,533 DEBUG   SenderThread:63363 [sender.py:send():303] send: stats
2023-01-15 17:54:10,548 DEBUG   HandlerThread:63363 [handler.py:handle_request():139] handle_request: stop_status
2023-01-15 17:54:10,549 DEBUG   SenderThread:63363 [sender.py:send_request():317] send_request: stop_status
2023-01-15 17:54:25,463 DEBUG   SenderThread:63363 [sender.py:send():303] send: stats
2023-01-15 17:54:26,049 DEBUG   HandlerThread:63363 [handler.py:handle_request():139] handle_request: stop_status
2023-01-15 17:54:26,050 DEBUG   SenderThread:63363 [sender.py:send_request():317] send_request: stop_status
2023-01-15 17:54:41,334 DEBUG   HandlerThread:63363 [handler.py:handle_request():139] handle_request: stop_status
2023-01-15 17:54:41,335 DEBUG   SenderThread:63363 [sender.py:send_request():317] send_request: stop_status
2023-01-15 17:54:55,509 DEBUG   SenderThread:63363 [sender.py:send():303] send: stats
2023-01-15 17:54:56,741 DEBUG   HandlerThread:63363 [handler.py:handle_request():139] handle_request: stop_status
2023-01-15 17:54:56,742 DEBUG   SenderThread:63363 [sender.py:send_request():317] send_request: stop_status
2023-01-15 17:55:12,108 DEBUG   HandlerThread:63363 [handler.py:handle_request():139] handle_request: stop_status
2023-01-15 17:55:12,109 DEBUG   SenderThread:63363 [sender.py:send_request():317] send_request: stop_status
2023-01-15 17:55:32,122 DEBUG   HandlerThread:63363 [handler.py:handle_request():139] handle_request: stop_status
2023-01-15 19:24:19,488 WARNING FileStreamThread:63363 [file_stream.py:request_with_retry():672] requests_with_retry encountered retryable exception: HTTPSConnectionPool(host='api.wandb.ai', port=443): Read timed out. (read timeout=None). func: <bound method Session.post of <requests.sessions.Session object at 0x7fd8f7b20518>>, args: ('https://api.wandb.ai/files/pmartin1/megan/trash000/file_stream',), kwargs: {'json': {'files': {'wandb-events.jsonl': {'offset': 349, 'content': ['{"system.disk": 64.4, "system.proc.memory.availableMB": 5177.71, "system.memory": 68.41, "system.proc.memory.rssMB": 276.2, "system.proc.memory.percent": 1.69, "system.cpu": 0.62, "system.cpu.0.cpu_percent": 25.5, "system.cpu.1.cpu_percent": 0.57, "system.cpu.2.cpu_percent": 21.8, "system.cpu.3.cpu_percent": 0.5, "system.cpu.4.cpu_percent": 11.29, "system.cpu.5.cpu_percent": 0.57, "system.cpu.6.cpu_percent": 8.39, "system.cpu.7.cpu_percent": 0.53, "system.proc.cpu.threads": 21, "system.network.sent": 40616072.53, "system.network.recv": 2668979063.47, "_wandb": true, "_timestamp": 1673801695.465662, "_runtime": 175841.420544}']}}, 'dropped': 0}}
2023-01-15 19:24:20,078 ERROR   SenderThread:63363 [retry.py:__call__():154] Retry attempt failed:
Traceback (most recent call last):
  File "/Users/philippemartin/opt/miniconda3/envs/megan/lib/python3.6/site-packages/urllib3/connection.py", line 175, in _new_conn
    (self._dns_host, self.port), self.timeout, **extra_kw
  File "/Users/philippemartin/opt/miniconda3/envs/megan/lib/python3.6/site-packages/urllib3/util/connection.py", line 72, in create_connection
    for res in socket.getaddrinfo(host, port, family, socket.SOCK_STREAM):
  File "/Users/philippemartin/opt/miniconda3/envs/megan/lib/python3.6/socket.py", line 745, in getaddrinfo
    for res in _socket.getaddrinfo(host, port, family, type, proto, flags):
socket.gaierror: [Errno 8] nodename nor servname provided, or not known

During handling of the above exception, another exception occurred:

Traceback (most recent call last):
  File "/Users/philippemartin/opt/miniconda3/envs/megan/lib/python3.6/site-packages/urllib3/connectionpool.py", line 710, in urlopen
    chunked=chunked,
  File "/Users/philippemartin/opt/miniconda3/envs/megan/lib/python3.6/site-packages/urllib3/connectionpool.py", line 386, in _make_request
    self._validate_conn(conn)
  File "/Users/philippemartin/opt/miniconda3/envs/megan/lib/python3.6/site-packages/urllib3/connectionpool.py", line 1042, in _validate_conn
    conn.connect()
  File "/Users/philippemartin/opt/miniconda3/envs/megan/lib/python3.6/site-packages/urllib3/connection.py", line 358, in connect
    self.sock = conn = self._new_conn()
  File "/Users/philippemartin/opt/miniconda3/envs/megan/lib/python3.6/site-packages/urllib3/connection.py", line 187, in _new_conn
    self, "Failed to establish a new connection: %s" % e
urllib3.exceptions.NewConnectionError: <urllib3.connection.HTTPSConnection object at 0x7fd8f845b860>: Failed to establish a new connection: [Errno 8] nodename nor servname provided, or not known

During handling of the above exception, another exception occurred:

Traceback (most recent call last):
  File "/Users/philippemartin/opt/miniconda3/envs/megan/lib/python3.6/site-packages/requests/adapters.py", line 450, in send
    timeout=timeout
  File "/Users/philippemartin/opt/miniconda3/envs/megan/lib/python3.6/site-packages/urllib3/connectionpool.py", line 788, in urlopen
    method, url, error=e, _pool=self, _stacktrace=sys.exc_info()[2]
  File "/Users/philippemartin/opt/miniconda3/envs/megan/lib/python3.6/site-packages/urllib3/util/retry.py", line 592, in increment
    raise MaxRetryError(_pool, url, error or ResponseError(cause))
urllib3.exceptions.MaxRetryError: HTTPSConnectionPool(host='api.wandb.ai', port=443): Max retries exceeded with url: /graphql (Caused by NewConnectionError('<urllib3.connection.HTTPSConnection object at 0x7fd8f845b860>: Failed to establish a new connection: [Errno 8] nodename nor servname provided, or not known',))

During handling of the above exception, another exception occurred:

Traceback (most recent call last):
  File "/Users/philippemartin/opt/miniconda3/envs/megan/lib/python3.6/site-packages/wandb/sdk/lib/retry.py", line 113, in __call__
    result = self._call_fn(*args, **kwargs)
  File "/Users/philippemartin/opt/miniconda3/envs/megan/lib/python3.6/site-packages/wandb/sdk/internal/internal_api.py", line 209, in execute
    return self.client.execute(*args, **kwargs)  # type: ignore
  File "/Users/philippemartin/opt/miniconda3/envs/megan/lib/python3.6/site-packages/wandb/vendor/gql-0.2.0/wandb_gql/client.py", line 52, in execute
    result = self._get_result(document, *args, **kwargs)
  File "/Users/philippemartin/opt/miniconda3/envs/megan/lib/python3.6/site-packages/wandb/vendor/gql-0.2.0/wandb_gql/client.py", line 60, in _get_result
    return self.transport.execute(document, *args, **kwargs)
  File "/Users/philippemartin/opt/miniconda3/envs/megan/lib/python3.6/site-packages/wandb/vendor/gql-0.2.0/wandb_gql/transport/requests.py", line 38, in execute
    request = requests.post(self.url, **post_args)
  File "/Users/philippemartin/opt/miniconda3/envs/megan/lib/python3.6/site-packages/requests/api.py", line 117, in post
    return request('post', url, data=data, json=json, **kwargs)
  File "/Users/philippemartin/opt/miniconda3/envs/megan/lib/python3.6/site-packages/requests/api.py", line 61, in request
    return session.request(method=method, url=url, **kwargs)
  File "/Users/philippemartin/opt/miniconda3/envs/megan/lib/python3.6/site-packages/requests/sessions.py", line 529, in request
    resp = self.send(prep, **send_kwargs)
  File "/Users/philippemartin/opt/miniconda3/envs/megan/lib/python3.6/site-packages/requests/sessions.py", line 645, in send
    r = adapter.send(request, **kwargs)
  File "/Users/philippemartin/opt/miniconda3/envs/megan/lib/python3.6/site-packages/requests/adapters.py", line 519, in send
    raise ConnectionError(e, request=request)
requests.exceptions.ConnectionError: HTTPSConnectionPool(host='api.wandb.ai', port=443): Max retries exceeded with url: /graphql (Caused by NewConnectionError('<urllib3.connection.HTTPSConnection object at 0x7fd8f845b860>: Failed to establish a new connection: [Errno 8] nodename nor servname provided, or not known',))
2023-01-15 19:24:21,973 WARNING FileStreamThread:63363 [file_stream.py:request_with_retry():672] requests_with_retry encountered retryable exception: HTTPSConnectionPool(host='api.wandb.ai', port=443): Max retries exceeded with url: /files/pmartin1/megan/trash000/file_stream (Caused by NewConnectionError('<urllib3.connection.HTTPSConnection object at 0x7fd8f7fb0a58>: Failed to establish a new connection: [Errno 8] nodename nor servname provided, or not known',)). func: <bound method Session.post of <requests.sessions.Session object at 0x7fd8f7b20518>>, args: ('https://api.wandb.ai/files/pmartin1/megan/trash000/file_stream',), kwargs: {'json': {'files': {'wandb-events.jsonl': {'offset': 349, 'content': ['{"system.disk": 64.4, "system.proc.memory.availableMB": 5177.71, "system.memory": 68.41, "system.proc.memory.rssMB": 276.2, "system.proc.memory.percent": 1.69, "system.cpu": 0.62, "system.cpu.0.cpu_percent": 25.5, "system.cpu.1.cpu_percent": 0.57, "system.cpu.2.cpu_percent": 21.8, "system.cpu.3.cpu_percent": 0.5, "system.cpu.4.cpu_percent": 11.29, "system.cpu.5.cpu_percent": 0.57, "system.cpu.6.cpu_percent": 8.39, "system.cpu.7.cpu_percent": 0.53, "system.proc.cpu.threads": 21, "system.network.sent": 40616072.53, "system.network.recv": 2668979063.47, "_wandb": true, "_timestamp": 1673801695.465662, "_runtime": 175841.420544}']}}, 'dropped': 0}}
2023-01-15 19:24:26,025 WARNING FileStreamThread:63363 [file_stream.py:request_with_retry():672] requests_with_retry encountered retryable exception: HTTPSConnectionPool(host='api.wandb.ai', port=443): Max retries exceeded with url: /files/pmartin1/megan/trash000/file_stream (Caused by NewConnectionError('<urllib3.connection.HTTPSConnection object at 0x7fd8f7fb0be0>: Failed to establish a new connection: [Errno 8] nodename nor servname provided, or not known',)). func: <bound method Session.post of <requests.sessions.Session object at 0x7fd8f7b20518>>, args: ('https://api.wandb.ai/files/pmartin1/megan/trash000/file_stream',), kwargs: {'json': {'files': {'wandb-events.jsonl': {'offset': 349, 'content': ['{"system.disk": 64.4, "system.proc.memory.availableMB": 5177.71, "system.memory": 68.41, "system.proc.memory.rssMB": 276.2, "system.proc.memory.percent": 1.69, "system.cpu": 0.62, "system.cpu.0.cpu_percent": 25.5, "system.cpu.1.cpu_percent": 0.57, "system.cpu.2.cpu_percent": 21.8, "system.cpu.3.cpu_percent": 0.5, "system.cpu.4.cpu_percent": 11.29, "system.cpu.5.cpu_percent": 0.57, "system.cpu.6.cpu_percent": 8.39, "system.cpu.7.cpu_percent": 0.53, "system.proc.cpu.threads": 21, "system.network.sent": 40616072.53, "system.network.recv": 2668979063.47, "_wandb": true, "_timestamp": 1673801695.465662, "_runtime": 175841.420544}']}}, 'dropped': 0}}
